{"/home/prismaflux/Projects/repos/luxury-indoor-react/src/app/App.jsx": {"path":"/home/prismaflux/Projects/repos/luxury-indoor-react/src/app/App.jsx","statementMap":{"0":{"start":{"line":18,"column":20},"end":{"line":21,"column":1}},"1":{"start":{"line":19,"column":2},"end":{"line":19,"column":19}},"2":{"start":{"line":20,"column":2},"end":{"line":20,"column":14}},"3":{"start":{"line":24,"column":2},"end":{"line":45,"column":4}}},"fnMap":{"0":{"name":"(anonymous_0)","decl":{"start":{"line":18,"column":20},"end":{"line":18,"column":21}},"loc":{"start":{"line":18,"column":26},"end":{"line":21,"column":1}},"line":18},"1":{"name":"App","decl":{"start":{"line":23,"column":9},"end":{"line":23,"column":12}},"loc":{"start":{"line":23,"column":15},"end":{"line":46,"column":1}},"line":23}},"branchMap":{},"s":{"0":0,"1":0,"2":0,"3":0},"f":{"0":0,"1":0},"b":{}}
,"/home/prismaflux/Projects/repos/luxury-indoor-react/src/app/main.jsx": {"path":"/home/prismaflux/Projects/repos/luxury-indoor-react/src/app/main.jsx","statementMap":{"0":{"start":{"line":10,"column":0},"end":{"line":18,"column":2}}},"fnMap":{},"branchMap":{},"s":{"0":0},"f":{},"b":{}}
,"/home/prismaflux/Projects/repos/luxury-indoor-react/src/app/routes.jsx": {"path":"/home/prismaflux/Projects/repos/luxury-indoor-react/src/app/routes.jsx","statementMap":{"0":{"start":{"line":4,"column":15},"end":{"line":7,"column":1}}},"fnMap":{},"branchMap":{},"s":{"0":0},"f":{},"b":{}}
,"/home/prismaflux/Projects/repos/luxury-indoor-react/src/assets/images/index.js": {"path":"/home/prismaflux/Projects/repos/luxury-indoor-react/src/assets/images/index.js","statementMap":{},"fnMap":{},"branchMap":{},"s":{},"f":{},"b":{}}
,"/home/prismaflux/Projects/repos/luxury-indoor-react/src/components/ErrorBoundary.jsx": {"path":"/home/prismaflux/Projects/repos/luxury-indoor-react/src/components/ErrorBoundary.jsx","statementMap":{"0":{"start":{"line":6,"column":4},"end":{"line":6,"column":17}},"1":{"start":{"line":7,"column":4},"end":{"line":7,"column":37}},"2":{"start":{"line":11,"column":4},"end":{"line":11,"column":30}},"3":{"start":{"line":15,"column":4},"end":{"line":15,"column":69}},"4":{"start":{"line":19,"column":4},"end":{"line":21,"column":5}},"5":{"start":{"line":20,"column":6},"end":{"line":20,"column":44}},"6":{"start":{"line":23,"column":4},"end":{"line":23,"column":31}},"7":{"start":{"line":27,"column":0},"end":{"line":29,"column":2}}},"fnMap":{"0":{"name":"(anonymous_0)","decl":{"start":{"line":5,"column":2},"end":{"line":5,"column":3}},"loc":{"start":{"line":5,"column":21},"end":{"line":8,"column":3}},"line":5},"1":{"name":"(anonymous_1)","decl":{"start":{"line":10,"column":2},"end":{"line":10,"column":3}},"loc":{"start":{"line":10,"column":36},"end":{"line":12,"column":3}},"line":10},"2":{"name":"(anonymous_2)","decl":{"start":{"line":14,"column":2},"end":{"line":14,"column":3}},"loc":{"start":{"line":14,"column":38},"end":{"line":16,"column":3}},"line":14},"3":{"name":"(anonymous_3)","decl":{"start":{"line":18,"column":2},"end":{"line":18,"column":3}},"loc":{"start":{"line":18,"column":11},"end":{"line":24,"column":3}},"line":18}},"branchMap":{"0":{"loc":{"start":{"line":19,"column":4},"end":{"line":21,"column":5}},"type":"if","locations":[{"start":{"line":19,"column":4},"end":{"line":21,"column":5}},{"start":{},"end":{}}],"line":19}},"s":{"0":0,"1":0,"2":0,"3":0,"4":0,"5":0,"6":0,"7":0},"f":{"0":0,"1":0,"2":0,"3":0},"b":{"0":[0,0]}}
,"/home/prismaflux/Projects/repos/luxury-indoor-react/src/components/cards/PropertyCard.jsx": {"path":"/home/prismaflux/Projects/repos/luxury-indoor-react/src/components/cards/PropertyCard.jsx","statementMap":{"0":{"start":{"line":14,"column":21},"end":{"line":108,"column":1}},"1":{"start":{"line":15,"column":40},"end":{"line":15,"column":55}},"2":{"start":{"line":17,"column":2},"end":{"line":20,"column":20}},"3":{"start":{"line":18,"column":22},"end":{"line":18,"column":75}},"4":{"start":{"line":19,"column":4},"end":{"line":19,"column":52}},"5":{"start":{"line":22,"column":25},"end":{"line":29,"column":3}},"6":{"start":{"line":23,"column":22},"end":{"line":23,"column":75}},"7":{"start":{"line":24,"column":20},"end":{"line":26,"column":35}},"8":{"start":{"line":25,"column":33},"end":{"line":25,"column":51}},"9":{"start":{"line":27,"column":4},"end":{"line":27,"column":63}},"10":{"start":{"line":28,"column":4},"end":{"line":28,"column":33}},"11":{"start":{"line":31,"column":2},"end":{"line":107,"column":4}},"12":{"start":{"line":110,"column":0},"end":{"line":122,"column":2}}},"fnMap":{"0":{"name":"(anonymous_0)","decl":{"start":{"line":14,"column":21},"end":{"line":14,"column":22}},"loc":{"start":{"line":14,"column":39},"end":{"line":108,"column":1}},"line":14},"1":{"name":"(anonymous_1)","decl":{"start":{"line":17,"column":12},"end":{"line":17,"column":13}},"loc":{"start":{"line":17,"column":18},"end":{"line":20,"column":3}},"line":17},"2":{"name":"(anonymous_2)","decl":{"start":{"line":22,"column":25},"end":{"line":22,"column":26}},"loc":{"start":{"line":22,"column":31},"end":{"line":29,"column":3}},"line":22},"3":{"name":"(anonymous_3)","decl":{"start":{"line":25,"column":25},"end":{"line":25,"column":26}},"loc":{"start":{"line":25,"column":33},"end":{"line":25,"column":51}},"line":25}},"branchMap":{"0":{"loc":{"start":{"line":18,"column":33},"end":{"line":18,"column":74}},"type":"binary-expr","locations":[{"start":{"line":18,"column":33},"end":{"line":18,"column":66}},{"start":{"line":18,"column":70},"end":{"line":18,"column":74}}],"line":18},"1":{"loc":{"start":{"line":23,"column":33},"end":{"line":23,"column":74}},"type":"binary-expr","locations":[{"start":{"line":23,"column":33},"end":{"line":23,"column":66}},{"start":{"line":23,"column":70},"end":{"line":23,"column":74}}],"line":23},"2":{"loc":{"start":{"line":24,"column":20},"end":{"line":26,"column":35}},"type":"cond-expr","locations":[{"start":{"line":25,"column":8},"end":{"line":25,"column":52}},{"start":{"line":26,"column":8},"end":{"line":26,"column":35}}],"line":24},"3":{"loc":{"start":{"line":35,"column":20},"end":{"line":35,"column":78}},"type":"cond-expr","locations":[{"start":{"line":35,"column":34},"end":{"line":35,"column":57}},{"start":{"line":35,"column":60},"end":{"line":35,"column":78}}],"line":35},"4":{"loc":{"start":{"line":39,"column":9},"end":{"line":39,"column":51}},"type":"cond-expr","locations":[{"start":{"line":39,"column":23},"end":{"line":39,"column":34}},{"start":{"line":39,"column":37},"end":{"line":39,"column":51}}],"line":39},"5":{"loc":{"start":{"line":49,"column":12},"end":{"line":51,"column":63}},"type":"binary-expr","locations":[{"start":{"line":49,"column":12},"end":{"line":49,"column":27}},{"start":{"line":50,"column":13},"end":{"line":50,"column":43}},{"start":{"line":50,"column":47},"end":{"line":50,"column":65}},{"start":{"line":51,"column":12},"end":{"line":51,"column":63}}],"line":49}},"s":{"0":1,"1":18,"2":18,"3":10,"4":10,"5":18,"6":0,"7":0,"8":0,"9":0,"10":0,"11":18,"12":1},"f":{"0":18,"1":10,"2":0,"3":0},"b":{"0":[10,10],"1":[0,0],"2":[0,0],"3":[0,18],"4":[0,18],"5":[18,18,18,18]},"_coverageSchema":"1a1c01bbd47fc00a2c39e90264f33305004495a9","hash":"8d419fc079cabfa2997955fb45be524b56f2726f"}
,"/home/prismaflux/Projects/repos/luxury-indoor-react/src/components/cards/TestimonialsCard.jsx": {"path":"/home/prismaflux/Projects/repos/luxury-indoor-react/src/components/cards/TestimonialsCard.jsx","statementMap":{"0":{"start":{"line":4,"column":25},"end":{"line":54,"column":1}},"1":{"start":{"line":5,"column":20},"end":{"line":5,"column":38}},"2":{"start":{"line":6,"column":22},"end":{"line":6,"column":38}},"3":{"start":{"line":8,"column":2},"end":{"line":53,"column":4}},"4":{"start":{"line":19,"column":12},"end":{"line":28,"column":14}},"5":{"start":{"line":56,"column":0},"end":{"line":61,"column":2}}},"fnMap":{"0":{"name":"(anonymous_0)","decl":{"start":{"line":4,"column":25},"end":{"line":4,"column":26}},"loc":{"start":{"line":4,"column":64},"end":{"line":54,"column":1}},"line":4},"1":{"name":"(anonymous_1)","decl":{"start":{"line":18,"column":29},"end":{"line":18,"column":30}},"loc":{"start":{"line":19,"column":12},"end":{"line":28,"column":14}},"line":19}},"branchMap":{"0":{"loc":{"start":{"line":22,"column":16},"end":{"line":26,"column":37}},"type":"cond-expr","locations":[{"start":{"line":23,"column":20},"end":{"line":23,"column":36}},{"start":{"line":24,"column":20},"end":{"line":26,"column":37}}],"line":22},"1":{"loc":{"start":{"line":24,"column":20},"end":{"line":26,"column":37}},"type":"cond-expr","locations":[{"start":{"line":25,"column":22},"end":{"line":25,"column":41}},{"start":{"line":26,"column":22},"end":{"line":26,"column":37}}],"line":24},"2":{"loc":{"start":{"line":24,"column":20},"end":{"line":24,"column":50}},"type":"binary-expr","locations":[{"start":{"line":24,"column":20},"end":{"line":24,"column":35}},{"start":{"line":24,"column":39},"end":{"line":24,"column":50}}],"line":24}},"s":{"0":0,"1":0,"2":0,"3":0,"4":0,"5":0},"f":{"0":0,"1":0},"b":{"0":[0,0],"1":[0,0],"2":[0,0]}}
,"/home/prismaflux/Projects/repos/luxury-indoor-react/src/components/common/Button.jsx": {"path":"/home/prismaflux/Projects/repos/luxury-indoor-react/src/components/common/Button.jsx","statementMap":{"0":{"start":{"line":4,"column":2},"end":{"line":12,"column":4}},"1":{"start":{"line":15,"column":0},"end":{"line":20,"column":2}}},"fnMap":{"0":{"name":"Button","decl":{"start":{"line":3,"column":9},"end":{"line":3,"column":15}},"loc":{"start":{"line":3,"column":62},"end":{"line":13,"column":1}},"line":3}},"branchMap":{"0":{"loc":{"start":{"line":3,"column":37},"end":{"line":3,"column":51}},"type":"default-arg","locations":[{"start":{"line":3,"column":49},"end":{"line":3,"column":51}}],"line":3}},"s":{"0":0,"1":0},"f":{"0":0},"b":{"0":[0]}}
,"/home/prismaflux/Projects/repos/luxury-indoor-react/src/components/common/Carousel.jsx": {"path":"/home/prismaflux/Projects/repos/luxury-indoor-react/src/components/common/Carousel.jsx","statementMap":{"0":{"start":{"line":4,"column":17},"end":{"line":28,"column":1}},"1":{"start":{"line":5,"column":19},"end":{"line":11,"column":3}},"2":{"start":{"line":13,"column":2},"end":{"line":27,"column":4}},"3":{"start":{"line":17,"column":10},"end":{"line":23,"column":16}},"4":{"start":{"line":30,"column":0},"end":{"line":32,"column":2}}},"fnMap":{"0":{"name":"(anonymous_0)","decl":{"start":{"line":4,"column":17},"end":{"line":4,"column":18}},"loc":{"start":{"line":4,"column":33},"end":{"line":28,"column":1}},"line":4},"1":{"name":"(anonymous_1)","decl":{"start":{"line":16,"column":20},"end":{"line":16,"column":21}},"loc":{"start":{"line":17,"column":10},"end":{"line":23,"column":16}},"line":17}},"branchMap":{},"s":{"0":0,"1":0,"2":0,"3":0,"4":0},"f":{"0":0,"1":0},"b":{}}
,"/home/prismaflux/Projects/repos/luxury-indoor-react/src/components/common/InputField.jsx": {"path":"/home/prismaflux/Projects/repos/luxury-indoor-react/src/components/common/InputField.jsx","statementMap":{"0":{"start":{"line":3,"column":19},"end":{"line":29,"column":1}},"1":{"start":{"line":11,"column":2},"end":{"line":28,"column":4}},"2":{"start":{"line":31,"column":0},"end":{"line":38,"column":2}}},"fnMap":{"0":{"name":"(anonymous_0)","decl":{"start":{"line":3,"column":19},"end":{"line":3,"column":20}},"loc":{"start":{"line":10,"column":6},"end":{"line":29,"column":1}},"line":10}},"branchMap":{"0":{"loc":{"start":{"line":7,"column":2},"end":{"line":7,"column":42}},"type":"default-arg","locations":[{"start":{"line":7,"column":16},"end":{"line":7,"column":42}}],"line":7}},"s":{"0":0,"1":0,"2":0},"f":{"0":0},"b":{"0":[0]}}
,"/home/prismaflux/Projects/repos/luxury-indoor-react/src/components/forms/ContactForm.jsx": {"path":"/home/prismaflux/Projects/repos/luxury-indoor-react/src/components/forms/ContactForm.jsx","statementMap":{"0":{"start":{"line":7,"column":22},"end":{"line":17,"column":2}},"1":{"start":{"line":19,"column":20},"end":{"line":145,"column":1}},"2":{"start":{"line":20,"column":40},"end":{"line":20,"column":50}},"3":{"start":{"line":26,"column":6},"end":{"line":33,"column":4}},"4":{"start":{"line":35,"column":19},"end":{"line":45,"column":3}},"5":{"start":{"line":36,"column":4},"end":{"line":44,"column":5}},"6":{"start":{"line":37,"column":6},"end":{"line":37,"column":64}},"7":{"start":{"line":37,"column":37},"end":{"line":37,"column":62}},"8":{"start":{"line":38,"column":6},"end":{"line":38,"column":73}},"9":{"start":{"line":39,"column":6},"end":{"line":41,"column":15}},"10":{"start":{"line":40,"column":8},"end":{"line":40,"column":18}},"11":{"start":{"line":43,"column":6},"end":{"line":43,"column":67}},"12":{"start":{"line":47,"column":2},"end":{"line":144,"column":4}},"13":{"start":{"line":147,"column":0},"end":{"line":150,"column":2}}},"fnMap":{"0":{"name":"(anonymous_0)","decl":{"start":{"line":19,"column":20},"end":{"line":19,"column":21}},"loc":{"start":{"line":19,"column":52},"end":{"line":145,"column":1}},"line":19},"1":{"name":"(anonymous_1)","decl":{"start":{"line":35,"column":19},"end":{"line":35,"column":20}},"loc":{"start":{"line":35,"column":31},"end":{"line":45,"column":3}},"line":35},"2":{"name":"(anonymous_2)","decl":{"start":{"line":37,"column":24},"end":{"line":37,"column":25}},"loc":{"start":{"line":37,"column":37},"end":{"line":37,"column":62}},"line":37},"3":{"name":"(anonymous_3)","decl":{"start":{"line":39,"column":17},"end":{"line":39,"column":18}},"loc":{"start":{"line":39,"column":23},"end":{"line":41,"column":7}},"line":39}},"branchMap":{"0":{"loc":{"start":{"line":72,"column":16},"end":{"line":72,"column":66}},"type":"cond-expr","locations":[{"start":{"line":72,"column":30},"end":{"line":72,"column":46}},{"start":{"line":72,"column":49},"end":{"line":72,"column":66}}],"line":72},"1":{"loc":{"start":{"line":76,"column":32},"end":{"line":76,"column":70}},"type":"cond-expr","locations":[{"start":{"line":76,"column":46},"end":{"line":76,"column":58}},{"start":{"line":76,"column":61},"end":{"line":76,"column":70}}],"line":76},"2":{"loc":{"start":{"line":78,"column":13},"end":{"line":82,"column":13}},"type":"binary-expr","locations":[{"start":{"line":78,"column":13},"end":{"line":78,"column":24}},{"start":{"line":79,"column":14},"end":{"line":81,"column":18}}],"line":78},"3":{"loc":{"start":{"line":95,"column":16},"end":{"line":95,"column":67}},"type":"cond-expr","locations":[{"start":{"line":95,"column":31},"end":{"line":95,"column":47}},{"start":{"line":95,"column":50},"end":{"line":95,"column":67}}],"line":95},"4":{"loc":{"start":{"line":99,"column":32},"end":{"line":99,"column":72}},"type":"cond-expr","locations":[{"start":{"line":99,"column":47},"end":{"line":99,"column":60}},{"start":{"line":99,"column":63},"end":{"line":99,"column":72}}],"line":99},"5":{"loc":{"start":{"line":101,"column":13},"end":{"line":105,"column":13}},"type":"binary-expr","locations":[{"start":{"line":101,"column":13},"end":{"line":101,"column":25}},{"start":{"line":102,"column":14},"end":{"line":104,"column":18}}],"line":101},"6":{"loc":{"start":{"line":120,"column":16},"end":{"line":120,"column":69}},"type":"cond-expr","locations":[{"start":{"line":120,"column":33},"end":{"line":120,"column":49}},{"start":{"line":120,"column":52},"end":{"line":120,"column":69}}],"line":120},"7":{"loc":{"start":{"line":125,"column":32},"end":{"line":125,"column":76}},"type":"cond-expr","locations":[{"start":{"line":125,"column":49},"end":{"line":125,"column":64}},{"start":{"line":125,"column":67},"end":{"line":125,"column":76}}],"line":125},"8":{"loc":{"start":{"line":127,"column":13},"end":{"line":131,"column":13}},"type":"binary-expr","locations":[{"start":{"line":127,"column":13},"end":{"line":127,"column":27}},{"start":{"line":128,"column":14},"end":{"line":130,"column":18}}],"line":127},"9":{"loc":{"start":{"line":139,"column":13},"end":{"line":139,"column":57}},"type":"cond-expr","locations":[{"start":{"line":139,"column":28},"end":{"line":139,"column":40}},{"start":{"line":139,"column":43},"end":{"line":139,"column":57}}],"line":139}},"s":{"0":0,"1":0,"2":0,"3":0,"4":0,"5":0,"6":0,"7":0,"8":0,"9":0,"10":0,"11":0,"12":0,"13":0},"f":{"0":0,"1":0,"2":0,"3":0},"b":{"0":[0,0],"1":[0,0],"2":[0,0],"3":[0,0],"4":[0,0],"5":[0,0],"6":[0,0],"7":[0,0],"8":[0,0],"9":[0,0]}}
,"/home/prismaflux/Projects/repos/luxury-indoor-react/src/components/forms/LoginForm.jsx": {"path":"/home/prismaflux/Projects/repos/luxury-indoor-react/src/components/forms/LoginForm.jsx","statementMap":{"0":{"start":{"line":9,"column":18},"end":{"line":111,"column":1}},"1":{"start":{"line":10,"column":19},"end":{"line":10,"column":32}},"2":{"start":{"line":11,"column":20},"end":{"line":11,"column":29}},"3":{"start":{"line":12,"column":40},"end":{"line":12,"column":50}},"4":{"start":{"line":13,"column":36},"end":{"line":13,"column":51}},"5":{"start":{"line":19,"column":6},"end":{"line":21,"column":4}},"6":{"start":{"line":23,"column":19},"end":{"line":34,"column":3}},"7":{"start":{"line":24,"column":4},"end":{"line":24,"column":23}},"8":{"start":{"line":25,"column":4},"end":{"line":33,"column":5}},"9":{"start":{"line":26,"column":6},"end":{"line":26,"column":45}},"10":{"start":{"line":27,"column":6},"end":{"line":27,"column":50}},"11":{"start":{"line":28,"column":6},"end":{"line":28,"column":44}},"12":{"start":{"line":28,"column":23},"end":{"line":28,"column":36}},"13":{"start":{"line":30,"column":6},"end":{"line":30,"column":66}},"14":{"start":{"line":32,"column":6},"end":{"line":32,"column":26}},"15":{"start":{"line":36,"column":2},"end":{"line":110,"column":4}}},"fnMap":{"0":{"name":"(anonymous_0)","decl":{"start":{"line":9,"column":18},"end":{"line":9,"column":19}},"loc":{"start":{"line":9,"column":24},"end":{"line":111,"column":1}},"line":9},"1":{"name":"(anonymous_1)","decl":{"start":{"line":23,"column":19},"end":{"line":23,"column":20}},"loc":{"start":{"line":23,"column":35},"end":{"line":34,"column":3}},"line":23},"2":{"name":"(anonymous_2)","decl":{"start":{"line":28,"column":17},"end":{"line":28,"column":18}},"loc":{"start":{"line":28,"column":23},"end":{"line":28,"column":36}},"line":28}},"branchMap":{"0":{"loc":{"start":{"line":30,"column":16},"end":{"line":30,"column":64}},"type":"binary-expr","locations":[{"start":{"line":30,"column":16},"end":{"line":30,"column":27}},{"start":{"line":30,"column":31},"end":{"line":30,"column":64}}],"line":30},"1":{"loc":{"start":{"line":57,"column":18},"end":{"line":57,"column":69}},"type":"cond-expr","locations":[{"start":{"line":57,"column":33},"end":{"line":57,"column":49}},{"start":{"line":57,"column":52},"end":{"line":57,"column":69}}],"line":57},"2":{"loc":{"start":{"line":61,"column":15},"end":{"line":65,"column":15}},"type":"binary-expr","locations":[{"start":{"line":61,"column":15},"end":{"line":61,"column":27}},{"start":{"line":62,"column":16},"end":{"line":64,"column":20}}],"line":61},"3":{"loc":{"start":{"line":78,"column":18},"end":{"line":78,"column":72}},"type":"cond-expr","locations":[{"start":{"line":78,"column":36},"end":{"line":78,"column":52}},{"start":{"line":78,"column":55},"end":{"line":78,"column":72}}],"line":78},"4":{"loc":{"start":{"line":82,"column":15},"end":{"line":86,"column":15}},"type":"binary-expr","locations":[{"start":{"line":82,"column":15},"end":{"line":82,"column":30}},{"start":{"line":83,"column":16},"end":{"line":85,"column":20}}],"line":82},"5":{"loc":{"start":{"line":95,"column":13},"end":{"line":95,"column":52}},"type":"cond-expr","locations":[{"start":{"line":95,"column":25},"end":{"line":95,"column":40}},{"start":{"line":95,"column":43},"end":{"line":95,"column":52}}],"line":95}},"s":{"0":0,"1":0,"2":0,"3":0,"4":0,"5":0,"6":0,"7":0,"8":0,"9":0,"10":0,"11":0,"12":0,"13":0,"14":0,"15":0},"f":{"0":0,"1":0,"2":0},"b":{"0":[0,0],"1":[0,0],"2":[0,0],"3":[0,0],"4":[0,0],"5":[0,0]}}
,"/home/prismaflux/Projects/repos/luxury-indoor-react/src/components/forms/SignupForm.jsx": {"path":"/home/prismaflux/Projects/repos/luxury-indoor-react/src/components/forms/SignupForm.jsx","statementMap":{"0":{"start":{"line":9,"column":19},"end":{"line":165,"column":1}},"1":{"start":{"line":10,"column":19},"end":{"line":10,"column":32}},"2":{"start":{"line":11,"column":21},"end":{"line":11,"column":30}},"3":{"start":{"line":12,"column":40},"end":{"line":12,"column":50}},"4":{"start":{"line":13,"column":36},"end":{"line":13,"column":51}},"5":{"start":{"line":19,"column":6},"end":{"line":21,"column":4}},"6":{"start":{"line":23,"column":19},"end":{"line":34,"column":3}},"7":{"start":{"line":24,"column":4},"end":{"line":24,"column":23}},"8":{"start":{"line":25,"column":4},"end":{"line":33,"column":5}},"9":{"start":{"line":26,"column":6},"end":{"line":26,"column":61}},"10":{"start":{"line":27,"column":6},"end":{"line":27,"column":62}},"11":{"start":{"line":28,"column":6},"end":{"line":28,"column":44}},"12":{"start":{"line":28,"column":23},"end":{"line":28,"column":36}},"13":{"start":{"line":30,"column":6},"end":{"line":30,"column":67}},"14":{"start":{"line":32,"column":6},"end":{"line":32,"column":26}},"15":{"start":{"line":36,"column":2},"end":{"line":164,"column":4}}},"fnMap":{"0":{"name":"(anonymous_0)","decl":{"start":{"line":9,"column":19},"end":{"line":9,"column":20}},"loc":{"start":{"line":9,"column":25},"end":{"line":165,"column":1}},"line":9},"1":{"name":"(anonymous_1)","decl":{"start":{"line":23,"column":19},"end":{"line":23,"column":20}},"loc":{"start":{"line":23,"column":35},"end":{"line":34,"column":3}},"line":23},"2":{"name":"(anonymous_2)","decl":{"start":{"line":28,"column":17},"end":{"line":28,"column":18}},"loc":{"start":{"line":28,"column":23},"end":{"line":28,"column":36}},"line":28}},"branchMap":{"0":{"loc":{"start":{"line":30,"column":16},"end":{"line":30,"column":65}},"type":"binary-expr","locations":[{"start":{"line":30,"column":16},"end":{"line":30,"column":27}},{"start":{"line":30,"column":31},"end":{"line":30,"column":65}}],"line":30},"1":{"loc":{"start":{"line":60,"column":18},"end":{"line":60,"column":69}},"type":"cond-expr","locations":[{"start":{"line":60,"column":33},"end":{"line":60,"column":49}},{"start":{"line":60,"column":52},"end":{"line":60,"column":69}}],"line":60},"2":{"loc":{"start":{"line":64,"column":15},"end":{"line":68,"column":15}},"type":"binary-expr","locations":[{"start":{"line":64,"column":15},"end":{"line":64,"column":27}},{"start":{"line":65,"column":16},"end":{"line":67,"column":20}}],"line":64},"3":{"loc":{"start":{"line":84,"column":18},"end":{"line":84,"column":72}},"type":"cond-expr","locations":[{"start":{"line":84,"column":36},"end":{"line":84,"column":52}},{"start":{"line":84,"column":55},"end":{"line":84,"column":72}}],"line":84},"4":{"loc":{"start":{"line":88,"column":15},"end":{"line":92,"column":15}},"type":"binary-expr","locations":[{"start":{"line":88,"column":15},"end":{"line":88,"column":30}},{"start":{"line":89,"column":16},"end":{"line":91,"column":20}}],"line":88},"5":{"loc":{"start":{"line":108,"column":18},"end":{"line":108,"column":72}},"type":"cond-expr","locations":[{"start":{"line":108,"column":36},"end":{"line":108,"column":52}},{"start":{"line":108,"column":55},"end":{"line":108,"column":72}}],"line":108},"6":{"loc":{"start":{"line":112,"column":15},"end":{"line":116,"column":15}},"type":"binary-expr","locations":[{"start":{"line":112,"column":15},"end":{"line":112,"column":30}},{"start":{"line":113,"column":16},"end":{"line":115,"column":20}}],"line":112},"7":{"loc":{"start":{"line":132,"column":18},"end":{"line":132,"column":79}},"type":"cond-expr","locations":[{"start":{"line":132,"column":43},"end":{"line":132,"column":59}},{"start":{"line":132,"column":62},"end":{"line":132,"column":79}}],"line":132},"8":{"loc":{"start":{"line":136,"column":15},"end":{"line":140,"column":15}},"type":"binary-expr","locations":[{"start":{"line":136,"column":15},"end":{"line":136,"column":37}},{"start":{"line":137,"column":16},"end":{"line":139,"column":20}}],"line":136},"9":{"loc":{"start":{"line":149,"column":13},"end":{"line":149,"column":58}},"type":"cond-expr","locations":[{"start":{"line":149,"column":25},"end":{"line":149,"column":46}},{"start":{"line":149,"column":49},"end":{"line":149,"column":58}}],"line":149}},"s":{"0":0,"1":0,"2":0,"3":0,"4":0,"5":0,"6":0,"7":0,"8":0,"9":0,"10":0,"11":0,"12":0,"13":0,"14":0,"15":0},"f":{"0":0,"1":0,"2":0},"b":{"0":[0,0],"1":[0,0],"2":[0,0],"3":[0,0],"4":[0,0],"5":[0,0],"6":[0,0],"7":[0,0],"8":[0,0],"9":[0,0]}}
,"/home/prismaflux/Projects/repos/luxury-indoor-react/src/components/layouts/Banner.jsx": {"path":"/home/prismaflux/Projects/repos/luxury-indoor-react/src/components/layouts/Banner.jsx","statementMap":{"0":{"start":{"line":4,"column":15},"end":{"line":60,"column":1}},"1":{"start":{"line":5,"column":36},"end":{"line":5,"column":50}},"2":{"start":{"line":7,"column":28},"end":{"line":9,"column":3}},"3":{"start":{"line":8,"column":4},"end":{"line":8,"column":24}},"4":{"start":{"line":11,"column":2},"end":{"line":11,"column":30}},"5":{"start":{"line":11,"column":18},"end":{"line":11,"column":30}},"6":{"start":{"line":13,"column":2},"end":{"line":59,"column":4}}},"fnMap":{"0":{"name":"(anonymous_0)","decl":{"start":{"line":4,"column":15},"end":{"line":4,"column":16}},"loc":{"start":{"line":4,"column":21},"end":{"line":60,"column":1}},"line":4},"1":{"name":"(anonymous_1)","decl":{"start":{"line":7,"column":28},"end":{"line":7,"column":29}},"loc":{"start":{"line":7,"column":34},"end":{"line":9,"column":3}},"line":7}},"branchMap":{"0":{"loc":{"start":{"line":11,"column":2},"end":{"line":11,"column":30}},"type":"if","locations":[{"start":{"line":11,"column":2},"end":{"line":11,"column":30}},{"start":{},"end":{}}],"line":11}},"s":{"0":0,"1":0,"2":0,"3":0,"4":0,"5":0,"6":0},"f":{"0":0,"1":0},"b":{"0":[0,0]}}
,"/home/prismaflux/Projects/repos/luxury-indoor-react/src/components/layouts/Footer.jsx": {"path":"/home/prismaflux/Projects/repos/luxury-indoor-react/src/components/layouts/Footer.jsx","statementMap":{"0":{"start":{"line":9,"column":15},"end":{"line":152,"column":1}},"1":{"start":{"line":10,"column":22},"end":{"line":10,"column":46}},"2":{"start":{"line":12,"column":2},"end":{"line":151,"column":4}}},"fnMap":{"0":{"name":"(anonymous_0)","decl":{"start":{"line":9,"column":15},"end":{"line":9,"column":16}},"loc":{"start":{"line":9,"column":21},"end":{"line":152,"column":1}},"line":9}},"branchMap":{},"s":{"0":0,"1":0,"2":0},"f":{"0":0},"b":{}}
,"/home/prismaflux/Projects/repos/luxury-indoor-react/src/components/layouts/Navigation.jsx": {"path":"/home/prismaflux/Projects/repos/luxury-indoor-react/src/components/layouts/Navigation.jsx","statementMap":{"0":{"start":{"line":6,"column":19},"end":{"line":141,"column":1}},"1":{"start":{"line":7,"column":30},"end":{"line":7,"column":45}},"2":{"start":{"line":8,"column":18},"end":{"line":8,"column":30}},"3":{"start":{"line":10,"column":21},"end":{"line":12,"column":3}},"4":{"start":{"line":11,"column":4},"end":{"line":11,"column":23}},"5":{"start":{"line":14,"column":20},"end":{"line":16,"column":3}},"6":{"start":{"line":15,"column":4},"end":{"line":15,"column":21}},"7":{"start":{"line":18,"column":2},"end":{"line":28,"column":15}},"8":{"start":{"line":19,"column":4},"end":{"line":23,"column":5}},"9":{"start":{"line":20,"column":6},"end":{"line":20,"column":46}},"10":{"start":{"line":22,"column":6},"end":{"line":22,"column":45}},"11":{"start":{"line":25,"column":4},"end":{"line":27,"column":6}},"12":{"start":{"line":26,"column":6},"end":{"line":26,"column":45}},"13":{"start":{"line":30,"column":2},"end":{"line":44,"column":15}},"14":{"start":{"line":31,"column":31},"end":{"line":35,"column":5}},"15":{"start":{"line":32,"column":6},"end":{"line":34,"column":7}},"16":{"start":{"line":33,"column":8},"end":{"line":33,"column":20}},"17":{"start":{"line":37,"column":4},"end":{"line":39,"column":5}},"18":{"start":{"line":38,"column":6},"end":{"line":38,"column":65}},"19":{"start":{"line":41,"column":4},"end":{"line":43,"column":6}},"20":{"start":{"line":42,"column":6},"end":{"line":42,"column":68}},"21":{"start":{"line":46,"column":2},"end":{"line":140,"column":4}},"22":{"start":{"line":58,"column":10},"end":{"line":66,"column":15}},"23":{"start":{"line":108,"column":14},"end":{"line":116,"column":19}}},"fnMap":{"0":{"name":"(anonymous_0)","decl":{"start":{"line":6,"column":19},"end":{"line":6,"column":20}},"loc":{"start":{"line":6,"column":25},"end":{"line":141,"column":1}},"line":6},"1":{"name":"(anonymous_1)","decl":{"start":{"line":10,"column":21},"end":{"line":10,"column":22}},"loc":{"start":{"line":10,"column":27},"end":{"line":12,"column":3}},"line":10},"2":{"name":"(anonymous_2)","decl":{"start":{"line":14,"column":20},"end":{"line":14,"column":21}},"loc":{"start":{"line":14,"column":26},"end":{"line":16,"column":3}},"line":14},"3":{"name":"(anonymous_3)","decl":{"start":{"line":18,"column":12},"end":{"line":18,"column":13}},"loc":{"start":{"line":18,"column":18},"end":{"line":28,"column":3}},"line":18},"4":{"name":"(anonymous_4)","decl":{"start":{"line":25,"column":11},"end":{"line":25,"column":12}},"loc":{"start":{"line":25,"column":17},"end":{"line":27,"column":5}},"line":25},"5":{"name":"(anonymous_5)","decl":{"start":{"line":30,"column":12},"end":{"line":30,"column":13}},"loc":{"start":{"line":30,"column":18},"end":{"line":44,"column":3}},"line":30},"6":{"name":"(anonymous_6)","decl":{"start":{"line":31,"column":31},"end":{"line":31,"column":32}},"loc":{"start":{"line":31,"column":38},"end":{"line":35,"column":5}},"line":31},"7":{"name":"(anonymous_7)","decl":{"start":{"line":41,"column":11},"end":{"line":41,"column":12}},"loc":{"start":{"line":41,"column":17},"end":{"line":43,"column":5}},"line":41},"8":{"name":"(anonymous_8)","decl":{"start":{"line":57,"column":22},"end":{"line":57,"column":23}},"loc":{"start":{"line":58,"column":10},"end":{"line":66,"column":15}},"line":58},"9":{"name":"(anonymous_9)","decl":{"start":{"line":107,"column":26},"end":{"line":107,"column":27}},"loc":{"start":{"line":108,"column":14},"end":{"line":116,"column":19}},"line":108}},"branchMap":{"0":{"loc":{"start":{"line":19,"column":4},"end":{"line":23,"column":5}},"type":"if","locations":[{"start":{"line":19,"column":4},"end":{"line":23,"column":5}},{"start":{"line":21,"column":11},"end":{"line":23,"column":5}}],"line":19},"1":{"loc":{"start":{"line":32,"column":6},"end":{"line":34,"column":7}},"type":"if","locations":[{"start":{"line":32,"column":6},"end":{"line":34,"column":7}},{"start":{},"end":{}}],"line":32},"2":{"loc":{"start":{"line":32,"column":10},"end":{"line":32,"column":64}},"type":"binary-expr","locations":[{"start":{"line":32,"column":10},"end":{"line":32,"column":25}},{"start":{"line":32,"column":29},"end":{"line":32,"column":64}}],"line":32},"3":{"loc":{"start":{"line":37,"column":4},"end":{"line":39,"column":5}},"type":"if","locations":[{"start":{"line":37,"column":4},"end":{"line":39,"column":5}},{"start":{},"end":{}}],"line":37},"4":{"loc":{"start":{"line":89,"column":20},"end":{"line":89,"column":55}},"type":"cond-expr","locations":[{"start":{"line":89,"column":29},"end":{"line":89,"column":41}},{"start":{"line":89,"column":44},"end":{"line":89,"column":55}}],"line":89},"5":{"loc":{"start":{"line":93,"column":9},"end":{"line":97,"column":9}},"type":"cond-expr","locations":[{"start":{"line":94,"column":10},"end":{"line":94,"column":58}},{"start":{"line":96,"column":10},"end":{"line":96,"column":58}}],"line":93},"6":{"loc":{"start":{"line":101,"column":7},"end":{"line":138,"column":7}},"type":"binary-expr","locations":[{"start":{"line":101,"column":7},"end":{"line":101,"column":13}},{"start":{"line":102,"column":8},"end":{"line":137,"column":14}}],"line":101}},"s":{"0":0,"1":0,"2":0,"3":0,"4":0,"5":0,"6":0,"7":0,"8":0,"9":0,"10":0,"11":0,"12":0,"13":0,"14":0,"15":0,"16":0,"17":0,"18":0,"19":0,"20":0,"21":0,"22":0,"23":0},"f":{"0":0,"1":0,"2":0,"3":0,"4":0,"5":0,"6":0,"7":0,"8":0,"9":0},"b":{"0":[0,0],"1":[0,0],"2":[0,0],"3":[0,0],"4":[0,0],"5":[0,0],"6":[0,0]}}
,"/home/prismaflux/Projects/repos/luxury-indoor-react/src/components/ui/HeroText.jsx": {"path":"/home/prismaflux/Projects/repos/luxury-indoor-react/src/components/ui/HeroText.jsx","statementMap":{"0":{"start":{"line":1,"column":17},"end":{"line":15,"column":1}},"1":{"start":{"line":2,"column":2},"end":{"line":14,"column":4}}},"fnMap":{"0":{"name":"(anonymous_0)","decl":{"start":{"line":1,"column":17},"end":{"line":1,"column":18}},"loc":{"start":{"line":1,"column":23},"end":{"line":15,"column":1}},"line":1}},"branchMap":{},"s":{"0":0,"1":0},"f":{"0":0},"b":{}}
,"/home/prismaflux/Projects/repos/luxury-indoor-react/src/components/ui/Map.jsx": {"path":"/home/prismaflux/Projects/repos/luxury-indoor-react/src/components/ui/Map.jsx","statementMap":{"0":{"start":{"line":4,"column":2},"end":{"line":13,"column":4}},"1":{"start":{"line":16,"column":0},"end":{"line":18,"column":2}}},"fnMap":{"0":{"name":"Map","decl":{"start":{"line":3,"column":9},"end":{"line":3,"column":12}},"loc":{"start":{"line":3,"column":27},"end":{"line":14,"column":1}},"line":3}},"branchMap":{},"s":{"0":0,"1":0},"f":{"0":0},"b":{}}
,"/home/prismaflux/Projects/repos/luxury-indoor-react/src/components/ui/Stats.jsx": {"path":"/home/prismaflux/Projects/repos/luxury-indoor-react/src/components/ui/Stats.jsx","statementMap":{"0":{"start":{"line":1,"column":14},"end":{"line":35,"column":1}},"1":{"start":{"line":2,"column":2},"end":{"line":34,"column":4}}},"fnMap":{"0":{"name":"(anonymous_0)","decl":{"start":{"line":1,"column":14},"end":{"line":1,"column":15}},"loc":{"start":{"line":1,"column":20},"end":{"line":35,"column":1}},"line":1}},"branchMap":{},"s":{"0":0,"1":0},"f":{"0":0},"b":{}}
,"/home/prismaflux/Projects/repos/luxury-indoor-react/src/components/ui/Toast.jsx": {"path":"/home/prismaflux/Projects/repos/luxury-indoor-react/src/components/ui/Toast.jsx","statementMap":{"0":{"start":{"line":12,"column":16},"end":{"line":17,"column":1}},"1":{"start":{"line":19,"column":17},"end":{"line":24,"column":1}},"2":{"start":{"line":26,"column":21},"end":{"line":31,"column":1}},"3":{"start":{"line":33,"column":30},"end":{"line":49,"column":1}},"4":{"start":{"line":34,"column":34},"end":{"line":34,"column":58}},"5":{"start":{"line":36,"column":2},"end":{"line":48,"column":4}},"6":{"start":{"line":40,"column":10},"end":{"line":44,"column":12}},"7":{"start":{"line":43,"column":27},"end":{"line":43,"column":48}},"8":{"start":{"line":51,"column":14},"end":{"line":76,"column":1}},"9":{"start":{"line":52,"column":15},"end":{"line":52,"column":50}},"10":{"start":{"line":54,"column":2},"end":{"line":75,"column":4}},"11":{"start":{"line":78,"column":0},"end":{"line":85,"column":2}}},"fnMap":{"0":{"name":"(anonymous_0)","decl":{"start":{"line":33,"column":30},"end":{"line":33,"column":31}},"loc":{"start":{"line":33,"column":36},"end":{"line":49,"column":1}},"line":33},"1":{"name":"(anonymous_1)","decl":{"start":{"line":39,"column":20},"end":{"line":39,"column":21}},"loc":{"start":{"line":40,"column":10},"end":{"line":44,"column":12}},"line":40},"2":{"name":"(anonymous_2)","decl":{"start":{"line":43,"column":21},"end":{"line":43,"column":22}},"loc":{"start":{"line":43,"column":27},"end":{"line":43,"column":48}},"line":43},"3":{"name":"(anonymous_3)","decl":{"start":{"line":51,"column":14},"end":{"line":51,"column":15}},"loc":{"start":{"line":51,"column":38},"end":{"line":76,"column":1}},"line":51}},"branchMap":{"0":{"loc":{"start":{"line":52,"column":15},"end":{"line":52,"column":50}},"type":"binary-expr","locations":[{"start":{"line":52,"column":15},"end":{"line":52,"column":34}},{"start":{"line":52,"column":38},"end":{"line":52,"column":50}}],"line":52}},"s":{"0":0,"1":0,"2":0,"3":0,"4":0,"5":0,"6":0,"7":0,"8":0,"9":0,"10":0,"11":0},"f":{"0":0,"1":0,"2":0,"3":0},"b":{"0":[0,0]}}
,"/home/prismaflux/Projects/repos/luxury-indoor-react/src/context/AuthContext.jsx": {"path":"/home/prismaflux/Projects/repos/luxury-indoor-react/src/context/AuthContext.jsx","statementMap":{"0":{"start":{"line":12,"column":27},"end":{"line":12,"column":42}},"1":{"start":{"line":14,"column":28},"end":{"line":131,"column":1}},"2":{"start":{"line":15,"column":26},"end":{"line":15,"column":40}},"3":{"start":{"line":16,"column":48},"end":{"line":16,"column":63}},"4":{"start":{"line":17,"column":32},"end":{"line":17,"column":46}},"5":{"start":{"line":18,"column":28},"end":{"line":18,"column":42}},"6":{"start":{"line":20,"column":2},"end":{"line":41,"column":9}},"7":{"start":{"line":21,"column":22},"end":{"line":38,"column":5}},"8":{"start":{"line":22,"column":6},"end":{"line":37,"column":7}},"9":{"start":{"line":23,"column":29},"end":{"line":23,"column":59}},"10":{"start":{"line":24,"column":8},"end":{"line":32,"column":9}},"11":{"start":{"line":25,"column":27},"end":{"line":25,"column":58}},"12":{"start":{"line":26,"column":10},"end":{"line":31,"column":11}},"13":{"start":{"line":27,"column":12},"end":{"line":27,"column":30}},"14":{"start":{"line":28,"column":12},"end":{"line":28,"column":37}},"15":{"start":{"line":30,"column":12},"end":{"line":30,"column":46}},"16":{"start":{"line":34,"column":8},"end":{"line":34,"column":48}},"17":{"start":{"line":36,"column":8},"end":{"line":36,"column":26}},"18":{"start":{"line":40,"column":4},"end":{"line":40,"column":16}},"19":{"start":{"line":43,"column":17},"end":{"line":65,"column":3}},"20":{"start":{"line":44,"column":4},"end":{"line":64,"column":5}},"21":{"start":{"line":45,"column":6},"end":{"line":45,"column":21}},"22":{"start":{"line":46,"column":27},"end":{"line":46,"column":54}},"23":{"start":{"line":47,"column":6},"end":{"line":49,"column":7}},"24":{"start":{"line":48,"column":8},"end":{"line":48,"column":52}},"25":{"start":{"line":51,"column":29},"end":{"line":51,"column":57}},"26":{"start":{"line":52,"column":22},"end":{"line":56,"column":8}},"27":{"start":{"line":57,"column":6},"end":{"line":57,"column":23}},"28":{"start":{"line":58,"column":6},"end":{"line":58,"column":31}},"29":{"start":{"line":59,"column":6},"end":{"line":59,"column":49}},"30":{"start":{"line":60,"column":6},"end":{"line":60,"column":21}},"31":{"start":{"line":62,"column":6},"end":{"line":62,"column":28}},"32":{"start":{"line":63,"column":6},"end":{"line":63,"column":16}},"33":{"start":{"line":67,"column":16},"end":{"line":92,"column":3}},"34":{"start":{"line":68,"column":4},"end":{"line":91,"column":5}},"35":{"start":{"line":69,"column":6},"end":{"line":69,"column":21}},"36":{"start":{"line":70,"column":23},"end":{"line":70,"column":50}},"37":{"start":{"line":72,"column":6},"end":{"line":74,"column":7}},"38":{"start":{"line":73,"column":8},"end":{"line":73,"column":42}},"39":{"start":{"line":76,"column":30},"end":{"line":79,"column":7}},"40":{"start":{"line":80,"column":6},"end":{"line":82,"column":7}},"41":{"start":{"line":81,"column":8},"end":{"line":81,"column":44}},"42":{"start":{"line":84,"column":6},"end":{"line":84,"column":24}},"43":{"start":{"line":85,"column":6},"end":{"line":85,"column":31}},"44":{"start":{"line":86,"column":6},"end":{"line":86,"column":50}},"45":{"start":{"line":87,"column":6},"end":{"line":87,"column":22}},"46":{"start":{"line":89,"column":6},"end":{"line":89,"column":28}},"47":{"start":{"line":90,"column":6},"end":{"line":90,"column":16}},"48":{"start":{"line":94,"column":17},"end":{"line":98,"column":3}},"49":{"start":{"line":95,"column":4},"end":{"line":95,"column":18}},"50":{"start":{"line":96,"column":4},"end":{"line":96,"column":30}},"51":{"start":{"line":97,"column":4},"end":{"line":97,"column":38}},"52":{"start":{"line":100,"column":24},"end":{"line":113,"column":3}},"53":{"start":{"line":101,"column":4},"end":{"line":112,"column":5}},"54":{"start":{"line":102,"column":6},"end":{"line":102,"column":21}},"55":{"start":{"line":103,"column":6},"end":{"line":103,"column":54}},"56":{"start":{"line":103,"column":17},"end":{"line":103,"column":54}},"57":{"start":{"line":105,"column":6},"end":{"line":105,"column":41}},"58":{"start":{"line":106,"column":26},"end":{"line":106,"column":49}},"59":{"start":{"line":107,"column":6},"end":{"line":107,"column":27}},"60":{"start":{"line":108,"column":6},"end":{"line":108,"column":25}},"61":{"start":{"line":110,"column":6},"end":{"line":110,"column":28}},"62":{"start":{"line":111,"column":6},"end":{"line":111,"column":16}},"63":{"start":{"line":115,"column":2},"end":{"line":130,"column":4}},"64":{"start":{"line":133,"column":0},"end":{"line":135,"column":2}}},"fnMap":{"0":{"name":"(anonymous_0)","decl":{"start":{"line":14,"column":28},"end":{"line":14,"column":29}},"loc":{"start":{"line":14,"column":46},"end":{"line":131,"column":1}},"line":14},"1":{"name":"(anonymous_1)","decl":{"start":{"line":20,"column":12},"end":{"line":20,"column":13}},"loc":{"start":{"line":20,"column":18},"end":{"line":41,"column":3}},"line":20},"2":{"name":"(anonymous_2)","decl":{"start":{"line":21,"column":22},"end":{"line":21,"column":23}},"loc":{"start":{"line":21,"column":34},"end":{"line":38,"column":5}},"line":21},"3":{"name":"(anonymous_3)","decl":{"start":{"line":43,"column":17},"end":{"line":43,"column":18}},"loc":{"start":{"line":43,"column":54},"end":{"line":65,"column":3}},"line":43},"4":{"name":"(anonymous_4)","decl":{"start":{"line":67,"column":16},"end":{"line":67,"column":17}},"loc":{"start":{"line":67,"column":43},"end":{"line":92,"column":3}},"line":67},"5":{"name":"(anonymous_5)","decl":{"start":{"line":94,"column":17},"end":{"line":94,"column":18}},"loc":{"start":{"line":94,"column":23},"end":{"line":98,"column":3}},"line":94},"6":{"name":"(anonymous_6)","decl":{"start":{"line":100,"column":24},"end":{"line":100,"column":25}},"loc":{"start":{"line":100,"column":43},"end":{"line":113,"column":3}},"line":100}},"branchMap":{"0":{"loc":{"start":{"line":24,"column":8},"end":{"line":32,"column":9}},"type":"if","locations":[{"start":{"line":24,"column":8},"end":{"line":32,"column":9}},{"start":{},"end":{}}],"line":24},"1":{"loc":{"start":{"line":26,"column":10},"end":{"line":31,"column":11}},"type":"if","locations":[{"start":{"line":26,"column":10},"end":{"line":31,"column":11}},{"start":{"line":29,"column":17},"end":{"line":31,"column":11}}],"line":26},"2":{"loc":{"start":{"line":47,"column":6},"end":{"line":49,"column":7}},"type":"if","locations":[{"start":{"line":47,"column":6},"end":{"line":49,"column":7}},{"start":{},"end":{}}],"line":47},"3":{"loc":{"start":{"line":72,"column":6},"end":{"line":74,"column":7}},"type":"if","locations":[{"start":{"line":72,"column":6},"end":{"line":74,"column":7}},{"start":{},"end":{}}],"line":72},"4":{"loc":{"start":{"line":80,"column":6},"end":{"line":82,"column":7}},"type":"if","locations":[{"start":{"line":80,"column":6},"end":{"line":82,"column":7}},{"start":{},"end":{}}],"line":80},"5":{"loc":{"start":{"line":103,"column":6},"end":{"line":103,"column":54}},"type":"if","locations":[{"start":{"line":103,"column":6},"end":{"line":103,"column":54}},{"start":{},"end":{}}],"line":103}},"s":{"0":0,"1":0,"2":0,"3":0,"4":0,"5":0,"6":0,"7":0,"8":0,"9":0,"10":0,"11":0,"12":0,"13":0,"14":0,"15":0,"16":0,"17":0,"18":0,"19":0,"20":0,"21":0,"22":0,"23":0,"24":0,"25":0,"26":0,"27":0,"28":0,"29":0,"30":0,"31":0,"32":0,"33":0,"34":0,"35":0,"36":0,"37":0,"38":0,"39":0,"40":0,"41":0,"42":0,"43":0,"44":0,"45":0,"46":0,"47":0,"48":0,"49":0,"50":0,"51":0,"52":0,"53":0,"54":0,"55":0,"56":0,"57":0,"58":0,"59":0,"60":0,"61":0,"62":0,"63":0,"64":0},"f":{"0":0,"1":0,"2":0,"3":0,"4":0,"5":0,"6":0},"b":{"0":[0,0],"1":[0,0],"2":[0,0],"3":[0,0],"4":[0,0],"5":[0,0]}}
,"/home/prismaflux/Projects/repos/luxury-indoor-react/src/context/PropertyContext.jsx": {"path":"/home/prismaflux/Projects/repos/luxury-indoor-react/src/context/PropertyContext.jsx","statementMap":{"0":{"start":{"line":7,"column":31},"end":{"line":7,"column":46}},"1":{"start":{"line":9,"column":32},"end":{"line":41,"column":1}},"2":{"start":{"line":10,"column":38},"end":{"line":10,"column":50}},"3":{"start":{"line":11,"column":52},"end":{"line":11,"column":66}},"4":{"start":{"line":13,"column":2},"end":{"line":29,"column":9}},"5":{"start":{"line":14,"column":27},"end":{"line":24,"column":5}},"6":{"start":{"line":15,"column":6},"end":{"line":23,"column":7}},"7":{"start":{"line":16,"column":8},"end":{"line":16,"column":35}},"8":{"start":{"line":17,"column":21},"end":{"line":17,"column":42}},"9":{"start":{"line":18,"column":8},"end":{"line":18,"column":28}},"10":{"start":{"line":20,"column":8},"end":{"line":20,"column":59}},"11":{"start":{"line":22,"column":8},"end":{"line":22,"column":36}},"12":{"start":{"line":27,"column":4},"end":{"line":27,"column":31}},"13":{"start":{"line":28,"column":4},"end":{"line":28,"column":21}},"14":{"start":{"line":31,"column":2},"end":{"line":40,"column":4}},"15":{"start":{"line":42,"column":0},"end":{"line":44,"column":2}}},"fnMap":{"0":{"name":"(anonymous_0)","decl":{"start":{"line":9,"column":32},"end":{"line":9,"column":33}},"loc":{"start":{"line":9,"column":50},"end":{"line":41,"column":1}},"line":9},"1":{"name":"(anonymous_1)","decl":{"start":{"line":13,"column":12},"end":{"line":13,"column":13}},"loc":{"start":{"line":13,"column":18},"end":{"line":29,"column":3}},"line":13},"2":{"name":"(anonymous_2)","decl":{"start":{"line":14,"column":27},"end":{"line":14,"column":28}},"loc":{"start":{"line":14,"column":39},"end":{"line":24,"column":5}},"line":14}},"branchMap":{},"s":{"0":1,"1":1,"2":0,"3":0,"4":0,"5":0,"6":0,"7":0,"8":0,"9":0,"10":0,"11":0,"12":0,"13":0,"14":0,"15":1},"f":{"0":0,"1":0,"2":0},"b":{},"_coverageSchema":"1a1c01bbd47fc00a2c39e90264f33305004495a9","hash":"fd4e7167c0179661a57b14d75bb05069e7b7c210"}
,"/home/prismaflux/Projects/repos/luxury-indoor-react/src/context/SubscriptionContext.jsx": {"path":"/home/prismaflux/Projects/repos/luxury-indoor-react/src/context/SubscriptionContext.jsx","statementMap":{"0":{"start":{"line":11,"column":35},"end":{"line":11,"column":50}},"1":{"start":{"line":13,"column":36},"end":{"line":93,"column":1}},"2":{"start":{"line":14,"column":50},"end":{"line":14,"column":69}},"3":{"start":{"line":15,"column":32},"end":{"line":15,"column":47}},"4":{"start":{"line":16,"column":28},"end":{"line":16,"column":42}},"5":{"start":{"line":18,"column":20},"end":{"line":37,"column":3}},"6":{"start":{"line":19,"column":4},"end":{"line":36,"column":5}},"7":{"start":{"line":20,"column":6},"end":{"line":20,"column":21}},"8":{"start":{"line":21,"column":6},"end":{"line":21,"column":23}},"9":{"start":{"line":23,"column":23},"end":{"line":23,"column":75}},"10":{"start":{"line":24,"column":6},"end":{"line":26,"column":7}},"11":{"start":{"line":25,"column":8},"end":{"line":25,"column":52}},"12":{"start":{"line":28,"column":27},"end":{"line":28,"column":65}},"13":{"start":{"line":29,"column":6},"end":{"line":29,"column":76}},"14":{"start":{"line":29,"column":36},"end":{"line":29,"column":74}},"15":{"start":{"line":30,"column":6},"end":{"line":30,"column":26}},"16":{"start":{"line":32,"column":6},"end":{"line":32,"column":28}},"17":{"start":{"line":33,"column":6},"end":{"line":33,"column":16}},"18":{"start":{"line":35,"column":6},"end":{"line":35,"column":24}},"19":{"start":{"line":39,"column":22},"end":{"line":56,"column":3}},"20":{"start":{"line":40,"column":4},"end":{"line":55,"column":5}},"21":{"start":{"line":41,"column":6},"end":{"line":41,"column":21}},"22":{"start":{"line":42,"column":6},"end":{"line":42,"column":23}},"23":{"start":{"line":44,"column":6},"end":{"line":44,"column":36}},"24":{"start":{"line":45,"column":6},"end":{"line":49,"column":9}},"25":{"start":{"line":46,"column":23},"end":{"line":46,"column":36}},"26":{"start":{"line":47,"column":8},"end":{"line":47,"column":29}},"27":{"start":{"line":48,"column":8},"end":{"line":48,"column":22}},"28":{"start":{"line":51,"column":6},"end":{"line":51,"column":28}},"29":{"start":{"line":52,"column":6},"end":{"line":52,"column":16}},"30":{"start":{"line":54,"column":6},"end":{"line":54,"column":24}},"31":{"start":{"line":58,"column":28},"end":{"line":72,"column":3}},"32":{"start":{"line":59,"column":4},"end":{"line":71,"column":5}},"33":{"start":{"line":60,"column":6},"end":{"line":60,"column":21}},"34":{"start":{"line":61,"column":27},"end":{"line":61,"column":62}},"35":{"start":{"line":62,"column":6},"end":{"line":64,"column":7}},"36":{"start":{"line":63,"column":8},"end":{"line":63,"column":50}},"37":{"start":{"line":66,"column":6},"end":{"line":66,"column":65}},"38":{"start":{"line":67,"column":6},"end":{"line":67,"column":26}},"39":{"start":{"line":69,"column":6},"end":{"line":69,"column":28}},"40":{"start":{"line":70,"column":6},"end":{"line":70,"column":16}},"41":{"start":{"line":74,"column":23},"end":{"line":76,"column":3}},"42":{"start":{"line":75,"column":4},"end":{"line":75,"column":39}},"43":{"start":{"line":78,"column":2},"end":{"line":92,"column":4}},"44":{"start":{"line":95,"column":0},"end":{"line":97,"column":2}}},"fnMap":{"0":{"name":"(anonymous_0)","decl":{"start":{"line":13,"column":36},"end":{"line":13,"column":37}},"loc":{"start":{"line":13,"column":54},"end":{"line":93,"column":1}},"line":13},"1":{"name":"(anonymous_1)","decl":{"start":{"line":18,"column":20},"end":{"line":18,"column":21}},"loc":{"start":{"line":18,"column":48},"end":{"line":37,"column":3}},"line":18},"2":{"name":"(anonymous_2)","decl":{"start":{"line":29,"column":26},"end":{"line":29,"column":27}},"loc":{"start":{"line":29,"column":36},"end":{"line":29,"column":74}},"line":29},"3":{"name":"(anonymous_3)","decl":{"start":{"line":39,"column":22},"end":{"line":39,"column":23}},"loc":{"start":{"line":39,"column":39},"end":{"line":56,"column":3}},"line":39},"4":{"name":"(anonymous_4)","decl":{"start":{"line":45,"column":26},"end":{"line":45,"column":27}},"loc":{"start":{"line":45,"column":36},"end":{"line":49,"column":7}},"line":45},"5":{"name":"(anonymous_5)","decl":{"start":{"line":58,"column":28},"end":{"line":58,"column":29}},"loc":{"start":{"line":58,"column":58},"end":{"line":72,"column":3}},"line":58},"6":{"name":"(anonymous_6)","decl":{"start":{"line":74,"column":23},"end":{"line":74,"column":24}},"loc":{"start":{"line":74,"column":34},"end":{"line":76,"column":3}},"line":74}},"branchMap":{"0":{"loc":{"start":{"line":24,"column":6},"end":{"line":26,"column":7}},"type":"if","locations":[{"start":{"line":24,"column":6},"end":{"line":26,"column":7}},{"start":{},"end":{}}],"line":24},"1":{"loc":{"start":{"line":62,"column":6},"end":{"line":64,"column":7}},"type":"if","locations":[{"start":{"line":62,"column":6},"end":{"line":64,"column":7}},{"start":{},"end":{}}],"line":62}},"s":{"0":1,"1":1,"2":1,"3":1,"4":1,"5":1,"6":0,"7":0,"8":0,"9":0,"10":0,"11":0,"12":0,"13":0,"14":0,"15":0,"16":0,"17":0,"18":0,"19":1,"20":0,"21":0,"22":0,"23":0,"24":0,"25":0,"26":0,"27":0,"28":0,"29":0,"30":0,"31":1,"32":0,"33":0,"34":0,"35":0,"36":0,"37":0,"38":0,"39":0,"40":0,"41":1,"42":0,"43":1,"44":1},"f":{"0":1,"1":0,"2":0,"3":0,"4":0,"5":0,"6":0},"b":{"0":[0,0],"1":[0,0]},"_coverageSchema":"1a1c01bbd47fc00a2c39e90264f33305004495a9","hash":"8d21c5ec84a003956868d3ba5c7732972999a41a"}
,"/home/prismaflux/Projects/repos/luxury-indoor-react/src/context/ToastContext.jsx": {"path":"/home/prismaflux/Projects/repos/luxury-indoor-react/src/context/ToastContext.jsx","statementMap":{"0":{"start":{"line":5,"column":28},"end":{"line":5,"column":43}},"1":{"start":{"line":7,"column":29},"end":{"line":67,"column":1}},"2":{"start":{"line":8,"column":30},"end":{"line":8,"column":42}},"3":{"start":{"line":10,"column":22},"end":{"line":12,"column":8}},"4":{"start":{"line":11,"column":4},"end":{"line":11,"column":65}},"5":{"start":{"line":11,"column":24},"end":{"line":11,"column":63}},"6":{"start":{"line":11,"column":47},"end":{"line":11,"column":62}},"7":{"start":{"line":14,"column":19},"end":{"line":30,"column":3}},"8":{"start":{"line":16,"column":17},"end":{"line":16,"column":27}},"9":{"start":{"line":17,"column":23},"end":{"line":17,"column":44}},"10":{"start":{"line":19,"column":6},"end":{"line":19,"column":47}},"11":{"start":{"line":19,"column":26},"end":{"line":19,"column":45}},"12":{"start":{"line":21,"column":6},"end":{"line":25,"column":7}},"13":{"start":{"line":22,"column":8},"end":{"line":24,"column":21}},"14":{"start":{"line":23,"column":10},"end":{"line":23,"column":26}},"15":{"start":{"line":27,"column":6},"end":{"line":27,"column":16}},"16":{"start":{"line":32,"column":18},"end":{"line":35,"column":3}},"17":{"start":{"line":33,"column":34},"end":{"line":33,"column":72}},"18":{"start":{"line":37,"column":16},"end":{"line":40,"column":3}},"19":{"start":{"line":38,"column":34},"end":{"line":38,"column":70}},"20":{"start":{"line":42,"column":15},"end":{"line":45,"column":3}},"21":{"start":{"line":43,"column":34},"end":{"line":43,"column":69}},"22":{"start":{"line":47,"column":18},"end":{"line":50,"column":3}},"23":{"start":{"line":48,"column":34},"end":{"line":48,"column":72}},"24":{"start":{"line":52,"column":2},"end":{"line":66,"column":4}},"25":{"start":{"line":69,"column":0},"end":{"line":71,"column":2}}},"fnMap":{"0":{"name":"(anonymous_0)","decl":{"start":{"line":7,"column":29},"end":{"line":7,"column":30}},"loc":{"start":{"line":7,"column":47},"end":{"line":67,"column":1}},"line":7},"1":{"name":"(anonymous_1)","decl":{"start":{"line":10,"column":34},"end":{"line":10,"column":35}},"loc":{"start":{"line":10,"column":42},"end":{"line":12,"column":3}},"line":10},"2":{"name":"(anonymous_2)","decl":{"start":{"line":11,"column":14},"end":{"line":11,"column":15}},"loc":{"start":{"line":11,"column":24},"end":{"line":11,"column":63}},"line":11},"3":{"name":"(anonymous_3)","decl":{"start":{"line":11,"column":36},"end":{"line":11,"column":37}},"loc":{"start":{"line":11,"column":47},"end":{"line":11,"column":62}},"line":11},"4":{"name":"(anonymous_4)","decl":{"start":{"line":15,"column":4},"end":{"line":15,"column":5}},"loc":{"start":{"line":15,"column":49},"end":{"line":28,"column":5}},"line":15},"5":{"name":"(anonymous_5)","decl":{"start":{"line":19,"column":16},"end":{"line":19,"column":17}},"loc":{"start":{"line":19,"column":26},"end":{"line":19,"column":45}},"line":19},"6":{"name":"(anonymous_6)","decl":{"start":{"line":22,"column":19},"end":{"line":22,"column":20}},"loc":{"start":{"line":22,"column":25},"end":{"line":24,"column":9}},"line":22},"7":{"name":"(anonymous_7)","decl":{"start":{"line":33,"column":4},"end":{"line":33,"column":5}},"loc":{"start":{"line":33,"column":34},"end":{"line":33,"column":72}},"line":33},"8":{"name":"(anonymous_8)","decl":{"start":{"line":38,"column":4},"end":{"line":38,"column":5}},"loc":{"start":{"line":38,"column":34},"end":{"line":38,"column":70}},"line":38},"9":{"name":"(anonymous_9)","decl":{"start":{"line":43,"column":4},"end":{"line":43,"column":5}},"loc":{"start":{"line":43,"column":34},"end":{"line":43,"column":69}},"line":43},"10":{"name":"(anonymous_10)","decl":{"start":{"line":48,"column":4},"end":{"line":48,"column":5}},"loc":{"start":{"line":48,"column":34},"end":{"line":48,"column":72}},"line":48}},"branchMap":{"0":{"loc":{"start":{"line":15,"column":14},"end":{"line":15,"column":27}},"type":"default-arg","locations":[{"start":{"line":15,"column":21},"end":{"line":15,"column":27}}],"line":15},"1":{"loc":{"start":{"line":15,"column":29},"end":{"line":15,"column":44}},"type":"default-arg","locations":[{"start":{"line":15,"column":40},"end":{"line":15,"column":44}}],"line":15},"2":{"loc":{"start":{"line":21,"column":6},"end":{"line":25,"column":7}},"type":"if","locations":[{"start":{"line":21,"column":6},"end":{"line":25,"column":7}},{"start":{},"end":{}}],"line":21},"3":{"loc":{"start":{"line":33,"column":14},"end":{"line":33,"column":29}},"type":"default-arg","locations":[{"start":{"line":33,"column":25},"end":{"line":33,"column":29}}],"line":33},"4":{"loc":{"start":{"line":38,"column":14},"end":{"line":38,"column":29}},"type":"default-arg","locations":[{"start":{"line":38,"column":25},"end":{"line":38,"column":29}}],"line":38},"5":{"loc":{"start":{"line":43,"column":14},"end":{"line":43,"column":29}},"type":"default-arg","locations":[{"start":{"line":43,"column":25},"end":{"line":43,"column":29}}],"line":43},"6":{"loc":{"start":{"line":48,"column":14},"end":{"line":48,"column":29}},"type":"default-arg","locations":[{"start":{"line":48,"column":25},"end":{"line":48,"column":29}}],"line":48}},"s":{"0":0,"1":0,"2":0,"3":0,"4":0,"5":0,"6":0,"7":0,"8":0,"9":0,"10":0,"11":0,"12":0,"13":0,"14":0,"15":0,"16":0,"17":0,"18":0,"19":0,"20":0,"21":0,"22":0,"23":0,"24":0,"25":0},"f":{"0":0,"1":0,"2":0,"3":0,"4":0,"5":0,"6":0,"7":0,"8":0,"9":0,"10":0},"b":{"0":[0],"1":[0],"2":[0,0],"3":[0],"4":[0],"5":[0],"6":[0]}}
,"/home/prismaflux/Projects/repos/luxury-indoor-react/src/data/data.js": {"path":"/home/prismaflux/Projects/repos/luxury-indoor-react/src/data/data.js","statementMap":{"0":{"start":{"line":9,"column":24},"end":{"line":14,"column":1}},"1":{"start":{"line":16,"column":28},"end":{"line":49,"column":1}}},"fnMap":{},"branchMap":{},"s":{"0":0,"1":0},"f":{},"b":{}}
,"/home/prismaflux/Projects/repos/luxury-indoor-react/src/data/propertyData.js": {"path":"/home/prismaflux/Projects/repos/luxury-indoor-react/src/data/propertyData.js","statementMap":{"0":{"start":{"line":1,"column":12},"end":{"line":1,"column":41}},"1":{"start":{"line":2,"column":21},"end":{"line":2,"column":59}},"2":{"start":{"line":3,"column":15},"end":{"line":3,"column":47}},"3":{"start":{"line":4,"column":20},"end":{"line":4,"column":57}},"4":{"start":{"line":5,"column":15},"end":{"line":5,"column":47}},"5":{"start":{"line":6,"column":15},"end":{"line":6,"column":47}},"6":{"start":{"line":7,"column":15},"end":{"line":7,"column":47}},"7":{"start":{"line":8,"column":15},"end":{"line":8,"column":47}},"8":{"start":{"line":9,"column":15},"end":{"line":9,"column":47}},"9":{"start":{"line":10,"column":15},"end":{"line":10,"column":47}},"10":{"start":{"line":11,"column":19},"end":{"line":11,"column":55}},"11":{"start":{"line":12,"column":19},"end":{"line":12,"column":55}},"12":{"start":{"line":13,"column":19},"end":{"line":13,"column":55}},"13":{"start":{"line":14,"column":19},"end":{"line":14,"column":55}},"14":{"start":{"line":15,"column":19},"end":{"line":15,"column":55}},"15":{"start":{"line":16,"column":19},"end":{"line":16,"column":55}},"16":{"start":{"line":18,"column":26},"end":{"line":196,"column":1}}},"fnMap":{},"branchMap":{},"s":{"0":2,"1":2,"2":2,"3":2,"4":2,"5":2,"6":2,"7":2,"8":2,"9":2,"10":2,"11":2,"12":2,"13":2,"14":2,"15":2,"16":2},"f":{},"b":{},"_coverageSchema":"1a1c01bbd47fc00a2c39e90264f33305004495a9","hash":"dfa673c5da37b95343a8667be89047ae55e3b686"}
,"/home/prismaflux/Projects/repos/luxury-indoor-react/src/db/database.js": {"path":"/home/prismaflux/Projects/repos/luxury-indoor-react/src/db/database.js","statementMap":{"0":{"start":{"line":4,"column":34},"end":{"line":21,"column":1}},"1":{"start":{"line":5,"column":2},"end":{"line":20,"column":3}},"2":{"start":{"line":6,"column":23},"end":{"line":6,"column":56}},"3":{"start":{"line":7,"column":4},"end":{"line":17,"column":5}},"4":{"start":{"line":8,"column":6},"end":{"line":16,"column":7}},"5":{"start":{"line":9,"column":27},"end":{"line":14,"column":9}},"6":{"start":{"line":15,"column":8},"end":{"line":15,"column":53}},"7":{"start":{"line":19,"column":4},"end":{"line":19,"column":59}},"8":{"start":{"line":23,"column":29},"end":{"line":30,"column":1}},"9":{"start":{"line":24,"column":2},"end":{"line":29,"column":3}},"10":{"start":{"line":25,"column":4},"end":{"line":25,"column":45}},"11":{"start":{"line":27,"column":4},"end":{"line":27,"column":55}},"12":{"start":{"line":28,"column":4},"end":{"line":28,"column":24}},"13":{"start":{"line":32,"column":31},"end":{"line":39,"column":1}},"14":{"start":{"line":33,"column":2},"end":{"line":38,"column":3}},"15":{"start":{"line":34,"column":4},"end":{"line":34,"column":49}},"16":{"start":{"line":36,"column":4},"end":{"line":36,"column":53}},"17":{"start":{"line":37,"column":4},"end":{"line":37,"column":49}},"18":{"start":{"line":37,"column":36},"end":{"line":37,"column":47}},"19":{"start":{"line":41,"column":27},"end":{"line":47,"column":1}},"20":{"start":{"line":42,"column":2},"end":{"line":46,"column":3}},"21":{"start":{"line":43,"column":4},"end":{"line":43,"column":54}},"22":{"start":{"line":45,"column":4},"end":{"line":45,"column":51}},"23":{"start":{"line":49,"column":30},"end":{"line":55,"column":1}},"24":{"start":{"line":50,"column":2},"end":{"line":54,"column":3}},"25":{"start":{"line":51,"column":4},"end":{"line":51,"column":57}},"26":{"start":{"line":53,"column":4},"end":{"line":53,"column":53}},"27":{"start":{"line":57,"column":30},"end":{"line":63,"column":1}},"28":{"start":{"line":58,"column":2},"end":{"line":62,"column":3}},"29":{"start":{"line":59,"column":4},"end":{"line":59,"column":48}},"30":{"start":{"line":61,"column":4},"end":{"line":61,"column":53}},"31":{"start":{"line":65,"column":26},"end":{"line":72,"column":1}},"32":{"start":{"line":66,"column":2},"end":{"line":71,"column":3}},"33":{"start":{"line":67,"column":4},"end":{"line":67,"column":50}},"34":{"start":{"line":69,"column":4},"end":{"line":69,"column":49}},"35":{"start":{"line":70,"column":4},"end":{"line":70,"column":16}},"36":{"start":{"line":74,"column":30},"end":{"line":81,"column":1}},"37":{"start":{"line":75,"column":2},"end":{"line":80,"column":3}},"38":{"start":{"line":76,"column":4},"end":{"line":76,"column":51}},"39":{"start":{"line":78,"column":4},"end":{"line":78,"column":49}},"40":{"start":{"line":79,"column":4},"end":{"line":79,"column":16}},"41":{"start":{"line":83,"column":33},"end":{"line":90,"column":1}},"42":{"start":{"line":84,"column":2},"end":{"line":89,"column":3}},"43":{"start":{"line":85,"column":4},"end":{"line":85,"column":57}},"44":{"start":{"line":87,"column":4},"end":{"line":87,"column":49}},"45":{"start":{"line":88,"column":4},"end":{"line":88,"column":16}},"46":{"start":{"line":92,"column":27},"end":{"line":99,"column":1}},"47":{"start":{"line":93,"column":2},"end":{"line":98,"column":3}},"48":{"start":{"line":94,"column":4},"end":{"line":94,"column":45}},"49":{"start":{"line":96,"column":4},"end":{"line":96,"column":49}},"50":{"start":{"line":97,"column":4},"end":{"line":97,"column":16}},"51":{"start":{"line":101,"column":26},"end":{"line":107,"column":1}},"52":{"start":{"line":102,"column":2},"end":{"line":106,"column":3}},"53":{"start":{"line":103,"column":4},"end":{"line":103,"column":53}},"54":{"start":{"line":105,"column":4},"end":{"line":105,"column":49}},"55":{"start":{"line":109,"column":26},"end":{"line":115,"column":1}},"56":{"start":{"line":110,"column":2},"end":{"line":114,"column":3}},"57":{"start":{"line":111,"column":4},"end":{"line":111,"column":44}},"58":{"start":{"line":113,"column":4},"end":{"line":113,"column":49}},"59":{"start":{"line":117,"column":30},"end":{"line":124,"column":1}},"60":{"start":{"line":118,"column":2},"end":{"line":123,"column":3}},"61":{"start":{"line":119,"column":4},"end":{"line":119,"column":62}},"62":{"start":{"line":121,"column":4},"end":{"line":121,"column":57}},"63":{"start":{"line":122,"column":4},"end":{"line":122,"column":16}},"64":{"start":{"line":126,"column":38},"end":{"line":133,"column":1}},"65":{"start":{"line":127,"column":2},"end":{"line":132,"column":3}},"66":{"start":{"line":128,"column":4},"end":{"line":128,"column":59}},"67":{"start":{"line":130,"column":4},"end":{"line":130,"column":57}},"68":{"start":{"line":131,"column":4},"end":{"line":131,"column":16}},"69":{"start":{"line":135,"column":35},"end":{"line":142,"column":1}},"70":{"start":{"line":136,"column":2},"end":{"line":141,"column":3}},"71":{"start":{"line":137,"column":4},"end":{"line":137,"column":51}},"72":{"start":{"line":139,"column":4},"end":{"line":139,"column":58}},"73":{"start":{"line":140,"column":4},"end":{"line":140,"column":14}},"74":{"start":{"line":144,"column":34},"end":{"line":150,"column":1}},"75":{"start":{"line":145,"column":2},"end":{"line":149,"column":3}},"76":{"start":{"line":146,"column":4},"end":{"line":146,"column":61}},"77":{"start":{"line":148,"column":4},"end":{"line":148,"column":57}},"78":{"start":{"line":152,"column":34},"end":{"line":158,"column":1}},"79":{"start":{"line":153,"column":2},"end":{"line":157,"column":3}},"80":{"start":{"line":154,"column":4},"end":{"line":154,"column":52}},"81":{"start":{"line":156,"column":4},"end":{"line":156,"column":57}},"82":{"start":{"line":160,"column":32},"end":{"line":166,"column":1}},"83":{"start":{"line":161,"column":2},"end":{"line":165,"column":3}},"84":{"start":{"line":162,"column":4},"end":{"line":162,"column":53}},"85":{"start":{"line":164,"column":4},"end":{"line":164,"column":49}}},"fnMap":{"0":{"name":"(anonymous_0)","decl":{"start":{"line":4,"column":34},"end":{"line":4,"column":35}},"loc":{"start":{"line":4,"column":46},"end":{"line":21,"column":1}},"line":4},"1":{"name":"(anonymous_1)","decl":{"start":{"line":23,"column":29},"end":{"line":23,"column":30}},"loc":{"start":{"line":23,"column":41},"end":{"line":30,"column":1}},"line":23},"2":{"name":"(anonymous_2)","decl":{"start":{"line":32,"column":31},"end":{"line":32,"column":32}},"loc":{"start":{"line":32,"column":45},"end":{"line":39,"column":1}},"line":32},"3":{"name":"(anonymous_3)","decl":{"start":{"line":37,"column":29},"end":{"line":37,"column":30}},"loc":{"start":{"line":37,"column":36},"end":{"line":37,"column":47}},"line":37},"4":{"name":"(anonymous_4)","decl":{"start":{"line":41,"column":27},"end":{"line":41,"column":28}},"loc":{"start":{"line":41,"column":47},"end":{"line":47,"column":1}},"line":41},"5":{"name":"(anonymous_5)","decl":{"start":{"line":49,"column":30},"end":{"line":49,"column":31}},"loc":{"start":{"line":49,"column":53},"end":{"line":55,"column":1}},"line":49},"6":{"name":"(anonymous_6)","decl":{"start":{"line":57,"column":30},"end":{"line":57,"column":31}},"loc":{"start":{"line":57,"column":44},"end":{"line":63,"column":1}},"line":57},"7":{"name":"(anonymous_7)","decl":{"start":{"line":65,"column":26},"end":{"line":65,"column":27}},"loc":{"start":{"line":65,"column":46},"end":{"line":72,"column":1}},"line":65},"8":{"name":"(anonymous_8)","decl":{"start":{"line":74,"column":30},"end":{"line":74,"column":31}},"loc":{"start":{"line":74,"column":47},"end":{"line":81,"column":1}},"line":74},"9":{"name":"(anonymous_9)","decl":{"start":{"line":83,"column":33},"end":{"line":83,"column":34}},"loc":{"start":{"line":83,"column":53},"end":{"line":90,"column":1}},"line":83},"10":{"name":"(anonymous_10)","decl":{"start":{"line":92,"column":27},"end":{"line":92,"column":28}},"loc":{"start":{"line":92,"column":41},"end":{"line":99,"column":1}},"line":92},"11":{"name":"(anonymous_11)","decl":{"start":{"line":101,"column":26},"end":{"line":101,"column":27}},"loc":{"start":{"line":101,"column":49},"end":{"line":107,"column":1}},"line":101},"12":{"name":"(anonymous_12)","decl":{"start":{"line":109,"column":26},"end":{"line":109,"column":27}},"loc":{"start":{"line":109,"column":40},"end":{"line":115,"column":1}},"line":109},"13":{"name":"(anonymous_13)","decl":{"start":{"line":117,"column":30},"end":{"line":117,"column":31}},"loc":{"start":{"line":117,"column":58},"end":{"line":124,"column":1}},"line":117},"14":{"name":"(anonymous_14)","decl":{"start":{"line":126,"column":38},"end":{"line":126,"column":39}},"loc":{"start":{"line":126,"column":55},"end":{"line":133,"column":1}},"line":126},"15":{"name":"(anonymous_15)","decl":{"start":{"line":135,"column":35},"end":{"line":135,"column":36}},"loc":{"start":{"line":135,"column":47},"end":{"line":142,"column":1}},"line":135},"16":{"name":"(anonymous_16)","decl":{"start":{"line":144,"column":34},"end":{"line":144,"column":35}},"loc":{"start":{"line":144,"column":57},"end":{"line":150,"column":1}},"line":144},"17":{"name":"(anonymous_17)","decl":{"start":{"line":152,"column":34},"end":{"line":152,"column":35}},"loc":{"start":{"line":152,"column":48},"end":{"line":158,"column":1}},"line":152},"18":{"name":"(anonymous_18)","decl":{"start":{"line":160,"column":32},"end":{"line":160,"column":33}},"loc":{"start":{"line":160,"column":49},"end":{"line":166,"column":1}},"line":160}},"branchMap":{"0":{"loc":{"start":{"line":7,"column":4},"end":{"line":17,"column":5}},"type":"if","locations":[{"start":{"line":7,"column":4},"end":{"line":17,"column":5}},{"start":{},"end":{}}],"line":7},"1":{"loc":{"start":{"line":7,"column":8},"end":{"line":7,"column":46}},"type":"binary-expr","locations":[{"start":{"line":7,"column":8},"end":{"line":7,"column":19}},{"start":{"line":7,"column":23},"end":{"line":7,"column":46}}],"line":7},"2":{"loc":{"start":{"line":11,"column":18},"end":{"line":13,"column":35}},"type":"cond-expr","locations":[{"start":{"line":12,"column":14},"end":{"line":12,"column":59}},{"start":{"line":13,"column":14},"end":{"line":13,"column":35}}],"line":11},"3":{"loc":{"start":{"line":12,"column":36},"end":{"line":12,"column":57}},"type":"binary-expr","locations":[{"start":{"line":12,"column":36},"end":{"line":12,"column":51}},{"start":{"line":12,"column":55},"end":{"line":12,"column":57}}],"line":12},"4":{"loc":{"start":{"line":13,"column":14},"end":{"line":13,"column":35}},"type":"binary-expr","locations":[{"start":{"line":13,"column":14},"end":{"line":13,"column":29}},{"start":{"line":13,"column":33},"end":{"line":13,"column":35}}],"line":13}},"s":{"0":2,"1":0,"2":0,"3":0,"4":0,"5":0,"6":0,"7":0,"8":2,"9":0,"10":0,"11":0,"12":0,"13":2,"14":0,"15":0,"16":0,"17":0,"18":0,"19":2,"20":0,"21":0,"22":0,"23":2,"24":0,"25":0,"26":0,"27":2,"28":0,"29":0,"30":0,"31":2,"32":0,"33":0,"34":0,"35":0,"36":2,"37":0,"38":0,"39":0,"40":0,"41":2,"42":0,"43":0,"44":0,"45":0,"46":2,"47":0,"48":0,"49":0,"50":0,"51":2,"52":0,"53":0,"54":0,"55":2,"56":0,"57":0,"58":0,"59":2,"60":0,"61":0,"62":0,"63":0,"64":2,"65":0,"66":0,"67":0,"68":0,"69":2,"70":0,"71":0,"72":0,"73":0,"74":2,"75":0,"76":0,"77":0,"78":2,"79":0,"80":0,"81":0,"82":2,"83":0,"84":0,"85":0},"f":{"0":0,"1":0,"2":0,"3":0,"4":0,"5":0,"6":0,"7":0,"8":0,"9":0,"10":0,"11":0,"12":0,"13":0,"14":0,"15":0,"16":0,"17":0,"18":0},"b":{"0":[0,0],"1":[0,0],"2":[0,0],"3":[0,0],"4":[0,0]},"_coverageSchema":"1a1c01bbd47fc00a2c39e90264f33305004495a9","hash":"837d8810167008a92688c38296e9d604c5d00043"}
,"/home/prismaflux/Projects/repos/luxury-indoor-react/src/hooks/useAuth.js": {"path":"/home/prismaflux/Projects/repos/luxury-indoor-react/src/hooks/useAuth.js","statementMap":{"0":{"start":{"line":4,"column":23},"end":{"line":10,"column":1}},"1":{"start":{"line":5,"column":18},"end":{"line":5,"column":41}},"2":{"start":{"line":6,"column":2},"end":{"line":8,"column":3}},"3":{"start":{"line":7,"column":4},"end":{"line":7,"column":67}},"4":{"start":{"line":9,"column":2},"end":{"line":9,"column":17}}},"fnMap":{"0":{"name":"(anonymous_0)","decl":{"start":{"line":4,"column":23},"end":{"line":4,"column":24}},"loc":{"start":{"line":4,"column":29},"end":{"line":10,"column":1}},"line":4}},"branchMap":{"0":{"loc":{"start":{"line":6,"column":2},"end":{"line":8,"column":3}},"type":"if","locations":[{"start":{"line":6,"column":2},"end":{"line":8,"column":3}},{"start":{},"end":{}}],"line":6}},"s":{"0":0,"1":0,"2":0,"3":0,"4":0},"f":{"0":0},"b":{"0":[0,0]}}
,"/home/prismaflux/Projects/repos/luxury-indoor-react/src/hooks/useProperty.js": {"path":"/home/prismaflux/Projects/repos/luxury-indoor-react/src/hooks/useProperty.js","statementMap":{"0":{"start":{"line":4,"column":27},"end":{"line":23,"column":1}},"1":{"start":{"line":5,"column":25},"end":{"line":5,"column":52}},"2":{"start":{"line":6,"column":34},"end":{"line":6,"column":48}},"3":{"start":{"line":7,"column":52},"end":{"line":7,"column":64}},"4":{"start":{"line":9,"column":2},"end":{"line":20,"column":23}},"5":{"start":{"line":10,"column":29},"end":{"line":10,"column":70}},"6":{"start":{"line":10,"column":55},"end":{"line":10,"column":69}},"7":{"start":{"line":11,"column":4},"end":{"line":11,"column":34}},"8":{"start":{"line":13,"column":4},"end":{"line":19,"column":5}},"9":{"start":{"line":14,"column":22},"end":{"line":17,"column":7}},"10":{"start":{"line":16,"column":10},"end":{"line":16,"column":80}},"11":{"start":{"line":18,"column":6},"end":{"line":18,"column":36}},"12":{"start":{"line":22,"column":2},"end":{"line":22,"column":41}}},"fnMap":{"0":{"name":"(anonymous_0)","decl":{"start":{"line":4,"column":27},"end":{"line":4,"column":28}},"loc":{"start":{"line":4,"column":35},"end":{"line":23,"column":1}},"line":4},"1":{"name":"(anonymous_1)","decl":{"start":{"line":9,"column":12},"end":{"line":9,"column":13}},"loc":{"start":{"line":9,"column":18},"end":{"line":20,"column":3}},"line":9},"2":{"name":"(anonymous_2)","decl":{"start":{"line":10,"column":45},"end":{"line":10,"column":46}},"loc":{"start":{"line":10,"column":55},"end":{"line":10,"column":69}},"line":10},"3":{"name":"(anonymous_3)","decl":{"start":{"line":15,"column":8},"end":{"line":15,"column":9}},"loc":{"start":{"line":16,"column":10},"end":{"line":16,"column":80}},"line":16}},"branchMap":{"0":{"loc":{"start":{"line":13,"column":4},"end":{"line":19,"column":5}},"type":"if","locations":[{"start":{"line":13,"column":4},"end":{"line":19,"column":5}},{"start":{},"end":{}}],"line":13},"1":{"loc":{"start":{"line":16,"column":10},"end":{"line":16,"column":80}},"type":"binary-expr","locations":[{"start":{"line":16,"column":10},"end":{"line":16,"column":45}},{"start":{"line":16,"column":49},"end":{"line":16,"column":80}}],"line":16}},"s":{"0":0,"1":0,"2":0,"3":0,"4":0,"5":0,"6":0,"7":0,"8":0,"9":0,"10":0,"11":0,"12":0},"f":{"0":0,"1":0,"2":0,"3":0},"b":{"0":[0,0],"1":[0,0]}}
,"/home/prismaflux/Projects/repos/luxury-indoor-react/src/hooks/useScrollToTop.js": {"path":"/home/prismaflux/Projects/repos/luxury-indoor-react/src/hooks/useScrollToTop.js","statementMap":{"0":{"start":{"line":4,"column":23},"end":{"line":10,"column":1}},"1":{"start":{"line":5,"column":23},"end":{"line":5,"column":36}},"2":{"start":{"line":7,"column":2},"end":{"line":9,"column":17}},"3":{"start":{"line":8,"column":4},"end":{"line":8,"column":26}}},"fnMap":{"0":{"name":"(anonymous_0)","decl":{"start":{"line":4,"column":23},"end":{"line":4,"column":24}},"loc":{"start":{"line":4,"column":29},"end":{"line":10,"column":1}},"line":4},"1":{"name":"(anonymous_1)","decl":{"start":{"line":7,"column":12},"end":{"line":7,"column":13}},"loc":{"start":{"line":7,"column":18},"end":{"line":9,"column":3}},"line":7}},"branchMap":{},"s":{"0":0,"1":0,"2":0,"3":0},"f":{"0":0,"1":0},"b":{}}
,"/home/prismaflux/Projects/repos/luxury-indoor-react/src/hooks/useToast.js": {"path":"/home/prismaflux/Projects/repos/luxury-indoor-react/src/hooks/useToast.js","statementMap":{"0":{"start":{"line":4,"column":24},"end":{"line":10,"column":1}},"1":{"start":{"line":5,"column":18},"end":{"line":5,"column":42}},"2":{"start":{"line":6,"column":2},"end":{"line":8,"column":3}},"3":{"start":{"line":7,"column":4},"end":{"line":7,"column":68}},"4":{"start":{"line":9,"column":2},"end":{"line":9,"column":17}}},"fnMap":{"0":{"name":"(anonymous_0)","decl":{"start":{"line":4,"column":24},"end":{"line":4,"column":25}},"loc":{"start":{"line":4,"column":30},"end":{"line":10,"column":1}},"line":4}},"branchMap":{"0":{"loc":{"start":{"line":6,"column":2},"end":{"line":8,"column":3}},"type":"if","locations":[{"start":{"line":6,"column":2},"end":{"line":8,"column":3}},{"start":{},"end":{}}],"line":6}},"s":{"0":0,"1":0,"2":0,"3":0,"4":0},"f":{"0":0},"b":{"0":[0,0]}}
,"/home/prismaflux/Projects/repos/luxury-indoor-react/src/pages/Contact.jsx": {"path":"/home/prismaflux/Projects/repos/luxury-indoor-react/src/pages/Contact.jsx","statementMap":{"0":{"start":{"line":5,"column":16},"end":{"line":91,"column":1}},"1":{"start":{"line":6,"column":34},"end":{"line":10,"column":4}},"2":{"start":{"line":11,"column":28},"end":{"line":11,"column":40}},"3":{"start":{"line":13,"column":23},"end":{"line":30,"column":3}},"4":{"start":{"line":14,"column":4},"end":{"line":14,"column":23}},"5":{"start":{"line":15,"column":4},"end":{"line":18,"column":5}},"6":{"start":{"line":16,"column":6},"end":{"line":16,"column":35}},"7":{"start":{"line":17,"column":6},"end":{"line":17,"column":13}},"8":{"start":{"line":19,"column":4},"end":{"line":22,"column":5}},"9":{"start":{"line":20,"column":6},"end":{"line":20,"column":36}},"10":{"start":{"line":21,"column":6},"end":{"line":21,"column":13}},"11":{"start":{"line":23,"column":4},"end":{"line":26,"column":5}},"12":{"start":{"line":24,"column":6},"end":{"line":24,"column":40}},"13":{"start":{"line":25,"column":6},"end":{"line":25,"column":13}},"14":{"start":{"line":28,"column":4},"end":{"line":28,"column":17}},"15":{"start":{"line":29,"column":4},"end":{"line":29,"column":44}},"16":{"start":{"line":32,"column":2},"end":{"line":90,"column":4}},"17":{"start":{"line":46,"column":16},"end":{"line":46,"column":67}},"18":{"start":{"line":60,"column":16},"end":{"line":60,"column":67}},"19":{"start":{"line":74,"column":16},"end":{"line":74,"column":69}}},"fnMap":{"0":{"name":"(anonymous_0)","decl":{"start":{"line":5,"column":16},"end":{"line":5,"column":17}},"loc":{"start":{"line":5,"column":22},"end":{"line":91,"column":1}},"line":5},"1":{"name":"(anonymous_1)","decl":{"start":{"line":13,"column":23},"end":{"line":13,"column":24}},"loc":{"start":{"line":13,"column":30},"end":{"line":30,"column":3}},"line":13},"2":{"name":"(anonymous_2)","decl":{"start":{"line":45,"column":24},"end":{"line":45,"column":25}},"loc":{"start":{"line":46,"column":16},"end":{"line":46,"column":67}},"line":46},"3":{"name":"(anonymous_3)","decl":{"start":{"line":59,"column":24},"end":{"line":59,"column":25}},"loc":{"start":{"line":60,"column":16},"end":{"line":60,"column":67}},"line":60},"4":{"name":"(anonymous_4)","decl":{"start":{"line":73,"column":24},"end":{"line":73,"column":25}},"loc":{"start":{"line":74,"column":16},"end":{"line":74,"column":69}},"line":74}},"branchMap":{"0":{"loc":{"start":{"line":15,"column":4},"end":{"line":18,"column":5}},"type":"if","locations":[{"start":{"line":15,"column":4},"end":{"line":18,"column":5}},{"start":{},"end":{}}],"line":15},"1":{"loc":{"start":{"line":19,"column":4},"end":{"line":22,"column":5}},"type":"if","locations":[{"start":{"line":19,"column":4},"end":{"line":22,"column":5}},{"start":{},"end":{}}],"line":19},"2":{"loc":{"start":{"line":23,"column":4},"end":{"line":26,"column":5}},"type":"if","locations":[{"start":{"line":23,"column":4},"end":{"line":26,"column":5}},{"start":{},"end":{}}],"line":23},"3":{"loc":{"start":{"line":51,"column":13},"end":{"line":51,"column":61}},"type":"binary-expr","locations":[{"start":{"line":51,"column":13},"end":{"line":51,"column":18}},{"start":{"line":51,"column":22},"end":{"line":51,"column":61}}],"line":51},"4":{"loc":{"start":{"line":65,"column":13},"end":{"line":65,"column":61}},"type":"binary-expr","locations":[{"start":{"line":65,"column":13},"end":{"line":65,"column":18}},{"start":{"line":65,"column":22},"end":{"line":65,"column":61}}],"line":65},"5":{"loc":{"start":{"line":78,"column":13},"end":{"line":78,"column":61}},"type":"binary-expr","locations":[{"start":{"line":78,"column":13},"end":{"line":78,"column":18}},{"start":{"line":78,"column":22},"end":{"line":78,"column":61}}],"line":78}},"s":{"0":0,"1":0,"2":0,"3":0,"4":0,"5":0,"6":0,"7":0,"8":0,"9":0,"10":0,"11":0,"12":0,"13":0,"14":0,"15":0,"16":0,"17":0,"18":0,"19":0},"f":{"0":0,"1":0,"2":0,"3":0,"4":0},"b":{"0":[0,0],"1":[0,0],"2":[0,0],"3":[0,0],"4":[0,0],"5":[0,0]}}
,"/home/prismaflux/Projects/repos/luxury-indoor-react/src/pages/Home.jsx": {"path":"/home/prismaflux/Projects/repos/luxury-indoor-react/src/pages/Home.jsx","statementMap":{"0":{"start":{"line":14,"column":13},"end":{"line":41,"column":1}},"1":{"start":{"line":15,"column":2},"end":{"line":40,"column":4}}},"fnMap":{"0":{"name":"(anonymous_0)","decl":{"start":{"line":14,"column":13},"end":{"line":14,"column":14}},"loc":{"start":{"line":14,"column":19},"end":{"line":41,"column":1}},"line":14}},"branchMap":{},"s":{"0":0,"1":0},"f":{"0":0},"b":{}}
[...]
column":68}},"5":{"start":{"line":11,"column":4},"end":{"line":11,"column":27}},"6":{"start":{"line":15,"column":21},"end":{"line":15,"column":64}},"7":{"start":{"line":16,"column":4},"end":{"line":16,"column":66}},"8":{"start":{"line":16,"column":22},"end":{"line":16,"column":66}},"9":{"start":{"line":17,"column":4},"end":{"line":17,"column":27}},"10":{"start":{"line":21,"column":21},"end":{"line":25,"column":6}},"11":{"start":{"line":26,"column":4},"end":{"line":26,"column":67}},"12":{"start":{"line":26,"column":22},"end":{"line":26,"column":67}},"13":{"start":{"line":27,"column":4},"end":{"line":27,"column":27}},"14":{"start":{"line":31,"column":21},"end":{"line":35,"column":6}},"15":{"start":{"line":36,"column":4},"end":{"line":36,"column":67}},"16":{"start":{"line":36,"column":22},"end":{"line":36,"column":67}},"17":{"start":{"line":37,"column":4},"end":{"line":37,"column":27}},"18":{"start":{"line":41,"column":21},"end":{"line":43,"column":6}},"19":{"start":{"line":44,"column":4},"end":{"line":44,"column":67}},"20":{"start":{"line":44,"column":22},"end":{"line":44,"column":67}},"21":{"start":{"line":45,"column":4},"end":{"line":45,"column":27}},"22":{"start":{"line":50,"column":21},"end":{"line":54,"column":6}},"23":{"start":{"line":55,"column":4},"end":{"line":55,"column":63}},"24":{"start":{"line":55,"column":22},"end":{"line":55,"column":63}},"25":{"start":{"line":56,"column":4},"end":{"line":56,"column":27}},"26":{"start":{"line":60,"column":21},"end":{"line":62,"column":5}},"27":{"start":{"line":63,"column":4},"end":{"line":63,"column":34}},"28":{"start":{"line":63,"column":22},"end":{"line":63,"column":34}},"29":{"start":{"line":64,"column":4},"end":{"line":64,"column":27}},"30":{"start":{"line":68,"column":21},"end":{"line":70,"column":5}},"31":{"start":{"line":71,"column":4},"end":{"line":71,"column":34}},"32":{"start":{"line":71,"column":22},"end":{"line":71,"column":34}},"33":{"start":{"line":72,"column":4},"end":{"line":72,"column":27}},"34":{"start":{"line":76,"column":21},"end":{"line":76,"column":59}},"35":{"start":{"line":77,"column":4},"end":{"line":77,"column":34}},"36":{"start":{"line":77,"column":22},"end":{"line":77,"column":34}},"37":{"start":{"line":78,"column":4},"end":{"line":78,"column":27}},"38":{"start":{"line":82,"column":21},"end":{"line":86,"column":6}},"39":{"start":{"line":87,"column":4},"end":{"line":87,"column":63}},"40":{"start":{"line":87,"column":22},"end":{"line":87,"column":63}},"41":{"start":{"line":88,"column":4},"end":{"line":88,"column":27}},"42":{"start":{"line":92,"column":21},"end":{"line":94,"column":6}},"43":{"start":{"line":95,"column":4},"end":{"line":95,"column":63}},"44":{"start":{"line":95,"column":22},"end":{"line":95,"column":63}},"45":{"start":{"line":96,"column":4},"end":{"line":96,"column":27}},"46":{"start":{"line":101,"column":21},"end":{"line":105,"column":6}},"47":{"start":{"line":106,"column":4},"end":{"line":106,"column":61}},"48":{"start":{"line":106,"column":22},"end":{"line":106,"column":61}},"49":{"start":{"line":107,"column":4},"end":{"line":107,"column":27}},"50":{"start":{"line":111,"column":21},"end":{"line":113,"column":5}},"51":{"start":{"line":114,"column":4},"end":{"line":114,"column":34}},"52":{"start":{"line":114,"column":22},"end":{"line":114,"column":34}},"53":{"start":{"line":115,"column":4},"end":{"line":115,"column":27}},"54":{"start":{"line":119,"column":21},"end":{"line":119,"column":61}},"55":{"start":{"line":120,"column":4},"end":{"line":120,"column":32}},"56":{"start":{"line":120,"column":22},"end":{"line":120,"column":32}},"57":{"start":{"line":121,"column":4},"end":{"line":121,"column":27}},"58":{"start":{"line":125,"column":21},"end":{"line":129,"column":6}},"59":{"start":{"line":130,"column":4},"end":{"line":130,"column":71}},"60":{"start":{"line":130,"column":22},"end":{"line":130,"column":71}},"61":{"start":{"line":131,"column":4},"end":{"line":131,"column":27}},"62":{"start":{"line":135,"column":21},"end":{"line":137,"column":6}},"63":{"start":{"line":138,"column":4},"end":{"line":138,"column":71}},"64":{"start":{"line":138,"column":22},"end":{"line":138,"column":71}},"65":{"start":{"line":139,"column":4},"end":{"line":139,"column":27}},"66":{"start":{"line":143,"column":16},"end":{"line":143,"column":78}},"67":{"start":{"line":144,"column":21},"end":{"line":144,"column":59}},"68":{"start":{"line":145,"column":4},"end":{"line":145,"column":63}},"69":{"start":{"line":145,"column":22},"end":{"line":145,"column":63}},"70":{"start":{"line":146,"column":4},"end":{"line":146,"column":27}}},"fnMap":{"0":{"name":"(anonymous_0)","decl":{"start":{"line":8,"column":2},"end":{"line":8,"column":3}},"loc":{"start":{"line":8,"column":24},"end":{"line":12,"column":3}},"line":8},"1":{"name":"(anonymous_1)","decl":{"start":{"line":14,"column":2},"end":{"line":14,"column":3}},"loc":{"start":{"line":14,"column":28},"end":{"line":18,"column":3}},"line":14},"2":{"name":"(anonymous_2)","decl":{"start":{"line":20,"column":2},"end":{"line":20,"column":3}},"loc":{"start":{"line":20,"column":33},"end":{"line":28,"column":3}},"line":20},"3":{"name":"(anonymous_3)","decl":{"start":{"line":30,"column":2},"end":{"line":30,"column":3}},"loc":{"start":{"line":30,"column":36},"end":{"line":38,"column":3}},"line":30},"4":{"name":"(anonymous_4)","decl":{"start":{"line":40,"column":2},"end":{"line":40,"column":3}},"loc":{"start":{"line":40,"column":27},"end":{"line":46,"column":3}},"line":40},"5":{"name":"(anonymous_5)","decl":{"start":{"line":49,"column":2},"end":{"line":49,"column":3}},"loc":{"start":{"line":49,"column":29},"end":{"line":57,"column":3}},"line":49},"6":{"name":"(anonymous_6)","decl":{"start":{"line":59,"column":2},"end":{"line":59,"column":3}},"loc":{"start":{"line":59,"column":30},"end":{"line":65,"column":3}},"line":59},"7":{"name":"(anonymous_7)","decl":{"start":{"line":67,"column":2},"end":{"line":67,"column":3}},"loc":{"start":{"line":67,"column":36},"end":{"line":73,"column":3}},"line":67},"8":{"name":"(anonymous_8)","decl":{"start":{"line":75,"column":2},"end":{"line":75,"column":3}},"loc":{"start":{"line":75,"column":24},"end":{"line":79,"column":3}},"line":75},"9":{"name":"(anonymous_9)","decl":{"start":{"line":81,"column":2},"end":{"line":81,"column":3}},"loc":{"start":{"line":81,"column":32},"end":{"line":89,"column":3}},"line":81},"10":{"name":"(anonymous_10)","decl":{"start":{"line":91,"column":2},"end":{"line":91,"column":3}},"loc":{"start":{"line":91,"column":23},"end":{"line":97,"column":3}},"line":91},"11":{"name":"(anonymous_11)","decl":{"start":{"line":100,"column":2},"end":{"line":100,"column":3}},"loc":{"start":{"line":100,"column":41},"end":{"line":108,"column":3}},"line":100},"12":{"name":"(anonymous_12)","decl":{"start":{"line":110,"column":2},"end":{"line":110,"column":3}},"loc":{"start":{"line":110,"column":38},"end":{"line":116,"column":3}},"line":110},"13":{"name":"(anonymous_13)","decl":{"start":{"line":118,"column":2},"end":{"line":118,"column":3}},"loc":{"start":{"line":118,"column":30},"end":{"line":122,"column":3}},"line":118},"14":{"name":"(anonymous_14)","decl":{"start":{"line":124,"column":2},"end":{"line":124,"column":3}},"loc":{"start":{"line":124,"column":40},"end":{"line":132,"column":3}},"line":124},"15":{"name":"(anonymous_15)","decl":{"start":{"line":134,"column":2},"end":{"line":134,"column":3}},"loc":{"start":{"line":134,"column":31},"end":{"line":140,"column":3}},"line":134},"16":{"name":"(anonymous_16)","decl":{"start":{"line":142,"column":2},"end":{"line":142,"column":3}},"loc":{"start":{"line":142,"column":32},"end":{"line":147,"column":3}},"line":142}},"branchMap":{"0":{"loc":{"start":{"line":4,"column":17},"end":{"line":4,"column":72}},"type":"binary-expr","locations":[{"start":{"line":4,"column":17},"end":{"line":4,"column":41}},{"start":{"line":4,"column":45},"end":{"line":4,"column":72}}],"line":4},"1":{"loc":{"start":{"line":10,"column":4},"end":{"line":10,"column":68}},"type":"if","locations":[{"start":{"line":10,"column":4},"end":{"line":10,"column":68}},{"start":{},"end":{}}],"line":10},"2":{"loc":{"start":{"line":16,"column":4},"end":{"line":16,"column":66}},"type":"if","locations":[{"start":{"line":16,"column":4},"end":{"line":16,"column":66}},{"start":{},"end":{}}],"line":16},"3":{"loc":{"start":{"line":26,"column":4},"end":{"line":26,"column":67}},"type":"if","locations":[{"start":{"line":26,"column":4},"end":{"line":26,"column":67}},{"start":{},"end":{}}],"line":26},"4":{"loc":{"start":{"line":36,"column":4},"end":{"line":36,"column":67}},"type":"if","locations":[{"start":{"line":36,"column":4},"end":{"line":36,"column":67}},{"start":{},"end":{}}],"line":36},"5":{"loc":{"start":{"line":44,"column":4},"end":{"line":44,"column":67}},"type":"if","locations":[{"start":{"line":44,"column":4},"end":{"line":44,"column":67}},{"start":{},"end":{}}],"line":44},"6":{"loc":{"start":{"line":55,"column":4},"end":{"line":55,"column":63}},"type":"if","locations":[{"start":{"line":55,"column":4},"end":{"line":55,"column":63}},{"start":{},"end":{}}],"line":55},"7":{"loc":{"start":{"line":63,"column":4},"end":{"line":63,"column":34}},"type":"if","locations":[{"start":{"line":63,"column":4},"end":{"line":63,"column":34}},{"start":{},"end":{}}],"line":63},"8":{"loc":{"start":{"line":71,"column":4},"end":{"line":71,"column":34}},"type":"if","locations":[{"start":{"line":71,"column":4},"end":{"line":71,"column":34}},{"start":{},"end":{}}],"line":71},"9":{"loc":{"start":{"line":77,"column":4},"end":{"line":77,"column":34}},"type":"if","locations":[{"start":{"line":77,"column":4},"end":{"line":77,"column":34}},{"start":{},"end":{}}],"line":77},"10":{"loc":{"start":{"line":87,"column":4},"end":{"line":87,"column":63}},"type":"if","locations":[{"start":{"line":87,"column":4},"end":{"line":87,"column":63}},{"start":{},"end":{}}],"line":87},"11":{"loc":{"start":{"line":95,"column":4},"end":{"line":95,"column":63}},"type":"if","locations":[{"start":{"line":95,"column":4},"end":{"line":95,"column":63}},{"start":{},"end":{}}],"line":95},"12":{"loc":{"start":{"line":106,"column":4},"end":{"line":106,"column":61}},"type":"if","locations":[{"start":{"line":106,"column":4},"end":{"line":106,"column":61}},{"start":{},"end":{}}],"line":106},"13":{"loc":{"start":{"line":114,"column":4},"end":{"line":114,"column":34}},"type":"if","locations":[{"start":{"line":114,"column":4},"end":{"line":114,"column":34}},{"start":{},"end":{}}],"line":114},"14":{"loc":{"start":{"line":120,"column":4},"end":{"line":120,"column":32}},"type":"if","locations":[{"start":{"line":120,"column":4},"end":{"line":120,"column":32}},{"start":{},"end":{}}],"line":120},"15":{"loc":{"start":{"line":130,"column":4},"end":{"line":130,"column":71}},"type":"if","locations":[{"start":{"line":130,"column":4},"end":{"line":130,"column":71}},{"start":{},"end":{}}],"line":130},"16":{"loc":{"start":{"line":138,"column":4},"end":{"line":138,"column":71}},"type":"if","locations":[{"start":{"line":138,"column":4},"end":{"line":138,"column":71}},{"start":{},"end":{}}],"line":138},"17":{"loc":{"start":{"line":145,"column":4},"end":{"line":145,"column":63}},"type":"if","locations":[{"start":{"line":145,"column":4},"end":{"line":145,"column":63}},{"start":{},"end":{}}],"line":145}},"s":{"0":3,"1":3,"2":2,"3":2,"4":1,"5":1,"6":1,"7":1,"8":0,"9":1,"10":1,"11":1,"12":0,"13":1,"14":0,"15":0,"16":0,"17":0,"18":1,"19":1,"20":0,"21":1,"22":1,"23":1,"24":0,"25":1,"26":2,"27":2,"28":1,"29":1,"30":0,"31":0,"32":0,"33":0,"34":0,"35":0,"36":0,"37":0,"38":0,"39":0,"40":0,"41":0,"42":0,"43":0,"44":0,"45":0,"46":1,"47":1,"48":0,"49":1,"50":1,"51":1,"52":0,"53":1,"54":1,"55":1,"56":0,"57":1,"58":0,"59":0,"60":0,"61":0,"62":0,"63":0,"64":0,"65":0,"66":1,"67":1,"68":1,"69":0,"70":1},"f":{"0":2,"1":1,"2":1,"3":0,"4":1,"5":1,"6":2,"7":0,"8":0,"9":0,"10":0,"11":1,"12":1,"13":1,"14":0,"15":0,"16":1},"b":{"0":[3,3],"1":[1,1],"2":[0,1],"3":[0,1],"4":[0,0],"5":[0,1],"6":[0,1],"7":[1,1],"8":[0,0],"9":[0,0],"10":[0,0],"11":[0,0],"12":[0,1],"13":[0,1],"14":[0,1],"15":[0,0],"16":[0,0],"17":[0,1]},"_coverageSchema":"1a1c01bbd47fc00a2c39e90264f33305004495a9","hash":"5cc8025b7207ecc205eb8471c9ec178bedd2ec65"}
,"/home/prismaflux/Projects/repos/luxury-indoor-react/src/services/propertyService.js": {"path":"/home/prismaflux/Projects/repos/luxury-indoor-react/src/services/propertyService.js","statementMap":{"0":{"start":{"line":4,"column":2},"end":{"line":4,"column":44}}},"fnMap":{"0":{"name":"getPropertyById","decl":{"start":{"line":3,"column":16},"end":{"line":3,"column":31}},"loc":{"start":{"line":3,"column":36},"end":{"line":5,"column":1}},"line":3}},"branchMap":{},"s":{"0":0},"f":{"0":0},"b":{}}
,"/home/prismaflux/Projects/repos/luxury-indoor-react/src/utils/formatters.js": {"path":"/home/prismaflux/Projects/repos/luxury-indoor-react/src/utils/formatters.js","statementMap":{"0":{"start":{"line":1,"column":27},"end":{"line":6,"column":1}},"1":{"start":{"line":2,"column":2},"end":{"line":5,"column":19}}},"fnMap":{"0":{"name":"(anonymous_0)","decl":{"start":{"line":1,"column":27},"end":{"line":1,"column":28}},"loc":{"start":{"line":1,"column":38},"end":{"line":6,"column":1}},"line":1}},"branchMap":{},"s":{"0":0,"1":0},"f":{"0":0},"b":{}}
,"/home/prismaflux/Projects/repos/luxury-indoor-react/src/utils/imageOptimizer.js": {"path":"/home/prismaflux/Projects/repos/luxury-indoor-react/src/utils/imageOptimizer.js","statementMap":{"0":{"start":{"line":1,"column":39},"end":{"line":13,"column":1}},"1":{"start":{"line":3,"column":4},"end":{"line":3,"column":75}},"2":{"start":{"line":4,"column":2},"end":{"line":5,"column":162}},"3":{"start":{"line":5,"column":4},"end":{"line":5,"column":162}},"4":{"start":{"line":7,"column":2},"end":{"line":7,"column":23}},"5":{"start":{"line":8,"column":2},"end":{"line":8,"column":25}},"6":{"start":{"line":9,"column":14},"end":{"line":9,"column":37}},"7":{"start":{"line":10,"column":2},"end":{"line":10,"column":28}},"8":{"start":{"line":11,"column":2},"end":{"line":11,"column":36}},"9":{"start":{"line":12,"column":2},"end":{"line":12,"column":28}},"10":{"start":{"line":16,"column":2},"end":{"line":16,"column":289}},"11":{"start":{"line":20,"column":30},"end":{"line":38,"column":1}},"12":{"start":{"line":28,"column":2},"end":{"line":37,"column":4}},"13":{"start":{"line":40,"column":0},"end":{"line":46,"column":2}}},"fnMap":{"0":{"name":"(anonymous_0)","decl":{"start":{"line":1,"column":39},"end":{"line":1,"column":40}},"loc":{"start":{"line":1,"column":68},"end":{"line":13,"column":1}},"line":1},"1":{"name":"(anonymous_1)","decl":{"start":{"line":20,"column":30},"end":{"line":20,"column":31}},"loc":{"start":{"line":28,"column":2},"end":{"line":37,"column":4}},"line":28}},"branchMap":{"0":{"loc":{"start":{"line":1,"column":40},"end":{"line":1,"column":50}},"type":"default-arg","locations":[{"start":{"line":1,"column":48},"end":{"line":1,"column":50}}],"line":1},"1":{"loc":{"start":{"line":1,"column":52},"end":{"line":1,"column":63}},"type":"default-arg","locations":[{"start":{"line":1,"column":61},"end":{"line":1,"column":63}}],"line":1},"2":{"loc":{"start":{"line":3,"column":4},"end":{"line":3,"column":75}},"type":"cond-expr","locations":[{"start":{"line":3,"column":36},"end":{"line":3,"column":68}},{"start":{"line":3,"column":71},"end":{"line":3,"column":75}}],"line":3},"3":{"loc":{"start":{"line":4,"column":2},"end":{"line":5,"column":162}},"type":"if","locations":[{"start":{"line":4,"column":2},"end":{"line":5,"column":162}},{"start":{},"end":{}}],"line":4},"4":{"loc":{"start":{"line":23,"column":2},"end":{"line":23,"column":16}},"type":"default-arg","locations":[{"start":{"line":23,"column":14},"end":{"line":23,"column":16}}],"line":23}},"s":{"0":0,"1":0,"2":0,"3":0,"4":0,"5":0,"6":0,"7":0,"8":0,"9":0,"10":0,"11":0,"12":0,"13":0},"f":{"0":0,"1":0},"b":{"0":[0],"1":[0],"2":[0,0],"3":[0,0],"4":[0]}}
,"/home/prismaflux/Projects/repos/luxury-indoor-react/src/utils/passwordUtils.js": {"path":"/home/prismaflux/Projects/repos/luxury-indoor-react/src/utils/passwordUtils.js","statementMap":{"0":{"start":{"line":3,"column":20},"end":{"line":3,"column":22}},"1":{"start":{"line":5,"column":28},"end":{"line":12,"column":1}},"2":{"start":{"line":6,"column":2},"end":{"line":11,"column":3}},"3":{"start":{"line":7,"column":4},"end":{"line":7,"column":52}},"4":{"start":{"line":9,"column":4},"end":{"line":9,"column":52}},"5":{"start":{"line":10,"column":4},"end":{"line":10,"column":47}},"6":{"start":{"line":14,"column":31},"end":{"line":21,"column":1}},"7":{"start":{"line":15,"column":2},"end":{"line":20,"column":3}},"8":{"start":{"line":16,"column":4},"end":{"line":16,"column":58}},"9":{"start":{"line":18,"column":4},"end":{"line":18,"column":54}},"10":{"start":{"line":19,"column":4},"end":{"line":19,"column":50}}},"fnMap":{"0":{"name":"(anonymous_0)","decl":{"start":{"line":5,"column":28},"end":{"line":5,"column":29}},"loc":{"start":{"line":5,"column":48},"end":{"line":12,"column":1}},"line":5},"1":{"name":"(anonymous_1)","decl":{"start":{"line":14,"column":31},"end":{"line":14,"column":32}},"loc":{"start":{"line":14,"column":67},"end":{"line":21,"column":1}},"line":14}},"branchMap":{},"s":{"0":0,"1":0,"2":0,"3":0,"4":0,"5":0,"6":0,"7":0,"8":0,"9":0,"10":0},"f":{"0":0,"1":0},"b":{}}
,"/home/prismaflux/Projects/repos/luxury-indoor-react/src/utils/validators.js": {"path":"/home/prismaflux/Projects/repos/luxury-indoor-react/src/utils/validators.js","statementMap":{"0":{"start":{"line":6,"column":28},"end":{"line":9,"column":1}},"1":{"start":{"line":7,"column":21},"end":{"line":7,"column":49}},"2":{"start":{"line":8,"column":2},"end":{"line":8,"column":32}},"3":{"start":{"line":16,"column":26},"end":{"line":23,"column":1}},"4":{"start":{"line":17,"column":2},"end":{"line":22,"column":3}},"5":{"start":{"line":18,"column":4},"end":{"line":18,"column":17}},"6":{"start":{"line":19,"column":4},"end":{"line":19,"column":16}},"7":{"start":{"line":21,"column":4},"end":{"line":21,"column":17}},"8":{"start":{"line":30,"column":26},"end":{"line":32,"column":1}},"9":{"start":{"line":31,"column":2},"end":{"line":31,"column":63}},"10":{"start":{"line":39,"column":24},"end":{"line":41,"column":1}},"11":{"start":{"line":40,"column":2},"end":{"line":40,"column":23}},"12":{"start":{"line":50,"column":31},"end":{"line":52,"column":1}},"13":{"start":{"line":51,"column":2},"end":{"line":51,"column":48}}},"fnMap":{"0":{"name":"(anonymous_0)","decl":{"start":{"line":6,"column":28},"end":{"line":6,"column":29}},"loc":{"start":{"line":6,"column":39},"end":{"line":9,"column":1}},"line":6},"1":{"name":"(anonymous_1)","decl":{"start":{"line":16,"column":26},"end":{"line":16,"column":27}},"loc":{"start":{"line":16,"column":35},"end":{"line":23,"column":1}},"line":16},"2":{"name":"(anonymous_2)","decl":{"start":{"line":30,"column":26},"end":{"line":30,"column":27}},"loc":{"start":{"line":30,"column":37},"end":{"line":32,"column":1}},"line":30},"3":{"name":"(anonymous_3)","decl":{"start":{"line":39,"column":24},"end":{"line":39,"column":25}},"loc":{"start":{"line":39,"column":35},"end":{"line":41,"column":1}},"line":39},"4":{"name":"(anonymous_4)","decl":{"start":{"line":50,"column":31},"end":{"line":50,"column":32}},"loc":{"start":{"line":50,"column":50},"end":{"line":52,"column":1}},"line":50}},"branchMap":{"0":{"loc":{"start":{"line":31,"column":9},"end":{"line":31,"column":62}},"type":"binary-expr","locations":[{"start":{"line":31,"column":9},"end":{"line":31,"column":23}},{"start":{"line":31,"column":27},"end":{"line":31,"column":46}},{"start":{"line":31,"column":50},"end":{"line":31,"column":62}}],"line":31},"1":{"loc":{"start":{"line":51,"column":9},"end":{"line":51,"column":47}},"type":"binary-expr","locations":[{"start":{"line":51,"column":9},"end":{"line":51,"column":26}},{"start":{"line":51,"column":30},"end":{"line":51,"column":47}}],"line":51}},"s":{"0":0,"1":0,"2":0,"3":0,"4":0,"5":0,"6":0,"7":0,"8":0,"9":0,"10":0,"11":0,"12":0,"13":0},"f":{"0":0,"1":0,"2":0,"3":0,"4":0},"b":{"0":[0,0,0],"1":[0,0]}}
}
